500
0 3005 4644 9301 3297 3053 273 6859 1020 2279 6269 7155 3417 5474 9398 4821 7459 6258 780 935 1668 9968 5715
1 246 1181 3743 4644 1323 8140 871 7233 8040 2085 4293 8981 8618 847 7880 2787 9636 1336 7049 239 545 4107 6258 1625 6547
2 578 8423 949 9265 8140 1020 7321 3895 3963 2486 5097 3417 3005 5547 2744 4066 4644 6840 182 8203 450 6258 9968 935 2962
3 273 5069 3743 2486 4667 4644 2744 4086 790 4230 4880 9293 1276 1020 6991 2202 3926 5509 79
4 3005 4644 8342 2085 6269 9132 9301 2486 7155 4726 273 5330 1336 8140 3153 9265 7459 3375 5232 790 7880 6258 4985 2240
5 4644 1728 4086 4667 273 7155 6506 9301 8140 3926 1905 2085 8507 276 4766 2787 9887 2486 1042 6258 7234 1668 79
6 1336 3153 3743 4667 4721 1323 2741 6269 8040 3523 6991 2486 1020 4644 9301 9688 9040 450 6281 7234 949 8043 6101 9968 2555 2962
7 8040 8140 6258 871 2202 3743 7977 6269 5330 6653 915 4941 9398 5795 3053 578 1694 2741 9968 1668 5715
8 8140 3745 9301 4086 4644 6103 8040 3053 2279 6269 9265 1694 9636 4407 3895 2202 2486 6258 450 745
9 2486 4644 2787 9640 1336 9398 8040 366 790 3375 246 8342 9159 4066 3417 3743 6840 1496 1042 935 9968
10 3005 871 6269 4644 1336 2741 1956 4941 1728 4667 1122 3417 2085 8618 2202 3153 3523 949 1581 4985 6258
11 3153 1728 2551 8140 6859 8342 1323 1020 9745 3743 4407 4667 1181 9132 578 4644 6258 5547 4134 4985 6698 3894 935 2240
12 8040 8618 2486 4726 8981 5509 4721 273 4345 8507 1581 2787 4667 2335 4293 1323 9265
13 1336 8618 3005 246 7837 9398 1020 8824 3743 9640 790 6698 1728 7459 210 366 5525 450 2744 9159 4985 8140 7278 3926 6258 780 9301 935
14 3005 4644 790 8040 3743 4407 949 1020 8549 8342 273 1962 3053 1423 8140 2551 1336 5234 6269 6258 7713 935 745 5715
15 3005 1336 246 6859 366 4667 2085 7977 6269 790 9265 7233 5069 6267 5330 2326 2741 1181 1020 6675 9688 8140 6258 4027 2128 9301 935
16 3005 2486 3743 4644 3926 4721 4941 1019 871 3745 4766 1905 6840 6258 1181 8140 8040 5525 8423 6054
17 2741 8140 9640 4721 1181 3523 9265 6859 4644 7115 2744 273 7285 3005 4486 8841 6786 813 8125
18 790 4644 9688 8140 2787 6859 1020 3153 6840 6468 9293 6351 8618 4027 7459 505 7447 1276 133 6698 2128 3362 6258 1336 9968 4340 935 1668 2240
19 3743 366 3005 4060 246 8743 8140 5155 9301 5474 9265 1694 1323 3895 8618 4644 744 8824 8549 4086 6258 2240
20 2279 2486 2787 5330 5547 4726 4486 4766 2741 3743 482 3005 2586 4060 1336 2240
21 246 9265 2787 3053 8618 5509 1796 2279 6859 3005 1020 4345 3926 5525 2085 4726 2741 790 4821 3743 5097 450 9301 1668 6258 6547 2240
22 4644 1581 7165 2744 7233 6698 4941 7459 4766 5069 9440 4726 7213 8841 8186 3375 847 9159 9265 6258 7285 9301 1625 1668 935 7296
23 4644 1336 9293 246 8040 3053 9688 3005 8140 6840 8423 3895 4134 3743 670 5547 1020 790 2128 8111 2183 813 8549 366 9301 4060 3894
24 3005 790 9640 3743 8140 871 4880 7459 9265 2741 4293 1181 8618 6859 2486 5474 5704 7049 5135 4407 7115 9301 1625 2183 7762 9968
25 4721 3297 366 8342 6859 8423 3053 3417 4726 8140 5704 790 4340 3005 1581 4407 1796 9137 2790 8043 1625 9968
26 4644 246 8140 1020 6269 273 2486 3523 9132 4667 4486 2744 8618 468 9301 7165 3745 7459 4880 915 1728 6258 745 7762 9968
27 4027 1336 7155 5069 3005 1323 2486 2085 6258 7459 1905 141 3417 1728 4726 3523 1581 2787 5389 9301 8140 1496 780 2643 2240
28 790 4293 8342 578 1336 4486 8423 9636 4644 2744 6258 4721 7049 141 246 9968 7949 2240
29 1336 366 6859 3005 1276 8342 8052 4407 3297 6258 4293 9159 5474 8618 1019 9688 9301 1020 3417 5097 847 5038 79
30 3005 8140 4644 1336 3926 4345 3494 1020 8040 8949 9640 3745 4407 915 450 4880 4928 2486 9646 7213 1694 1252 847 5546 1625 6258 9968 79
31 578 9265 8342 9640 871 3005 246 1905 4667 3745 9887 1181 4086 9132 6698 2896 1728 2741 2085 3417 7049 7787 6258 6101
32 8040 3005 4985 3153 6859 3053 4667 4644 7115 3417 246 2741 6258 8140 2787 2896 366 6269 9265 2128 6698 4340
33 3005 4086 7285 4721 2279 578 2744 273 6258 3523 949 871 1020 9301 9132 1728 133 7899 6054 6547
34 3005 3743 133 3745 2787 246 5069 9301 8618 7459 1323 1336 4721 5525 273 4880 1020 1042 6258 4066 4345 8040 3188 7880 9265 4985 6054
35 2486 2741 4644 1276 2279 3743 9132 6258 871 10 450 1323 246 4027 9636 8111 8140 9159 4766 3053 5389 8618 2128 6547 9968 3982 2962
36 3005 1336 3745 8140 3523 246 2787 3743 3053 9187 3417 4928 1020 4726 2741 8040 1581 9132 6258 9440 7880 847 9968
37 9640 7155 5234 1336 3375 3743 2486 4407 4667 5547 5330 1122 2586 3523 1020 8140 5155 6258 9968
38 790 4941 3743 4667 2279 5234 3926 1020 9235 4644 8342 246 3895 1796 9301 8824 4486 450 4340 6258 2962
39 8140 3005 4726 2486 3375 6269 1581 3743 1252 2279 9745 5155 4667 9159 3745 5547 1542 6413 2586 468 6258 6547 6101
40 3005 4766 871 6258 1728 4667 7233 2744 4880 1905 4407 3743 5525 4644 1336 1694 9293 5234 1670 7285 6547 1668 935
41 9640 6258 8040 1336 3417 1796 2486 790 7459 4644 4766 9688 4726 4821 871 949 4667 4086 9301 523 6170 1042 9265 8125 2962
42 3005 1181 3743 4726 578 3153 6258 4293 5704 1323 5961 3417 5069 2202 5097 3053 9301 8040 2240
43 790 3005 4644 3523 2744 6698 9265 2486 1020 5097 7233 4100 6506 5038 4293 133 949 847 8423 450 9688 5307 6258 6101 6054 2240
44 6258 3523 1020 9688 4985 2787 4086 9636 2741 4726 2486 8052 4766 3926 4667 5330 4134 9398 450 6920 6101 1625 8125
45 790 6506 9887 8203 1020 4644 915 276 4345 1122 8949 4821 1019 4134 9265 1668 9968
46 3005 3743 9640 3053 9265 2279 1276 1336 4345 4644 4027 8040 9293 7899 2741 5474 3926 8203 1181 4486 6859 9301 1252 6258 6101 935
47 246 9688 4345 4726 1796 1020 1905 7155 372 1423 8793 2787 9265 4407 4667 5525 9159 6062 8140 2486 7787 6258 6054 7880 935 9968
48 3005 4644 1181 915 3743 2787 8342 9688 9398 4667 6103 1728 578 6258 6269 5474 4071 1581 8618 9301 7899 4985 468 9265 2643
49 3005 5330 6269 4644 9640 1962 2486 6859 3745 6258 366 5704 2128 9636 5795 2279 3837 3843 7049 9265 4985 4624 2962
50 2787 3053 1181 9265 1581 4644 4027 5350 3005 6103 779 8040 5825 639 1905 6698 3745 9968
51 3005 2085 3743 8342 1336 3523 5234 7233 4667 7155 1905 578 4726 3153 8040 6258 9265 450 2240
52 3005 4766 8140 4407 5038 4726 3745 246 1336 2085 2787 4880 8949 9265 3837 847 366 7742 8881 7977 8203 6859 7880 1956 6258 9968 7762
53 3053 8549 366 8140 1336 3153 790 7115 5330 8040 2551 8743 4985 1181 4107 273 3005 1423 9301 6258 7713 6101 7949
54 1323 3743 8140 3053 9132 7155 2551 7899 6258 1336 1181 2787 8040 5525 790 847 4293 482 5389 4086 4985 450 1042 6547 2240
55 8040 1905 9398 871 4880 4644 3745 1020 4407 5547 366 239 4667 9293 450 8052 6267 780 2128 847 1042 935 6613 2240
56 3005 4407 3745 9132 4644 6269 8040 4667 8140 246 5069 273 7459 2202 639 2741 6258 5615 7115 813 8618 2085 8994 9007
57 3005 1336 9688 2486 4293 4667 8140 4086 5330 6258 7459 5069 1276 3743 6698 8824 3417 6786 5525 1181 3841 5307 3894 2240
58 8140 9398 9640 4407 8052 2787 2279 2730 4928 871 3523 6258 7459 578 6859 9265 4941 1181 8618 468 7949 6101
59 4766 246 3005 2551 3053 2787 7155 4941 2744 9301 8140 8342 2085 5097 780 372 8549 9040 1276 4407 4027 1181 273 239 8994 935
60 3005 1336 9301 1905 1276 2787 3053 2486 1020 7233 8423 6269 4407 8140 9137 4345 1728 4077 7213 8618 1581 7115 2279 9688 6103 6258 246 780 935
61 3005 9265 246 1122 6269 4721 4667 871 2787 4407 4644 7233 1796 8040 273 6153 4345 2085 1625 5097 450 6547 9968 2240
62 1020 3053 4721 6258 6269 4027 366 9688 6859 6698 4667 246 1336 8140 4407 1181 790 4726 2279 468 8841 3950 7709 4985 7762 2
63 8040 2486 8618 1336 790 2741 273 4293 3005 3053 4667 4721 4928 9636 2787 4086 5234 6258 9688 4107 7880 79
64 8618 3053 1181 6840 6698 1323 3005 790 2744 2279 4407 6786 8342 4821 2787 4721 246 6258 9265 7709 1668 8994
65 2486 9688 5135 3005 1181 4766 9636 3743 1956 1020 8111 7049 8140 2787 1962 7028 578 6269 5097 468 6101 9968
66 6258 1336 2486 246 1181 7447 4721 2744 7977 366 4486 8618 3053 670 8342 3745 1423 379 9293 1323 8140 4071 9301 6101 1668
67 8040 6859 3005 1323 2787 9398 1336 8140 1020 8618 1728 2551 3743 1796 366 1905 4766 949 379 4941 847 9132 1625 4985 6547 4340 935
68 7115 2551 3743 871 3053 6859 3005 4726 8342 9636 6258 1276 450 2787 915 4766 4027 7880 8618 7713 6101
69 1181 9640 9132 4644 8342 8140 4766 3053 3153 8618 482 5069 2279 4721 8260 3926 4985 7285 6258 450 1496 8125 8994
70 3005 4644 2486 2741 790 8342 4721 3053 8140 4941 2787 3895 2551 8618 3153 6859 2744 4027 3841 2790 4985 935
71 3005 8618 1336 3743 2787 7977 4644 8981 5330 5525 2085 4766 1581 3888 2486 8423 1042 6258 6054 1668
72 1276 3053 3005 1020 3743 9132 5389 3523 8140 2730 6698 4644 6269 1181 7837 246 9293 5547 7049 468 3841 6258 8618 9968 3074 3894
73 1336 3053 366 1905 4644 6506 4726 2787 2896 5097 1581 3005 3745 2741 1323 6258 6547 9968 7949
74 2085 246 5038 1181 1336 2279 6859 4486 3417 9887 450 7447 8507 8841 7459 6258 133 2787 8824 871 1521 7049 7285 4107 3827 1042 8462
75 3005 6258 8342 1323 8040 4667 9265 4293 4726 5330 2744 7977 6698 871 246 3375 3053 2787 450 1042 8722 7880 1956 1668 2240
76 3005 1181 366 871 4027 8140 5234 5069 6103 1905 1323 3745 790 1962 276 2896 3841 7899 2279 4340 1042 1670 6258
77 3005 4407 1336 4644 1581 2486 8040 871 4766 2551 1020 3895 8140 790 3745 4667 4060 4880 639 6258 9265 4985 1668 935 79
78 2744 3005 2279 578 2486 4644 8342 4027 5234 6269 8423 6859 6258 4071 4721 6786 1252 2787 1956 450 9265 4985 8125 9968 935
79 790 2787 9265 5069 3005 1181 6258 578 9640 4644 4941 3053 4821 8618 3523 1323 2744 6675 4060 2240 79
80 790 6258 4766 9132 4644 2279 1181 3743 5389 3297 7285 7049 6698 4086 9636 7461 246 1956 9265 4027 7880 6054 3982 2962
81 4644 2787 133 8618 1181 578 2279 3743 6859 1336 4293 4821 5547 3053 8841 6153 8043 7285 7762
82 4644 4721 8140 9265 2741 246 3053 3297 8618 7233 2486 4293 7977 8342 3417 1020 4667 3005 9688
83 3743 3005 2551 6698 8140 9301 8824 3153 4821 2787 1336 3053 7285 7155 7165 5330 5232 639 7899 4941 7709 1625 4168
84 2486 1020 246 9301 4941 3005 9636 6258 2741 7459 1336 8140 5069 4086 9688 6698 4821 790 1323 9040 8040 4391 273 2085 4345 3837 847 6101 8043 9968
85 2486 3005 4407 8040 1625 5069 1336 3637 8140 7285 1181 8052 871 949 3745 8423 9301 10 1496 2331 6840 2744 4766 6258 8722 6547 6101 6054 1668
86 871 6859 3005 4644 246 8140 8342 4134 1581 790 3523 3766 6675 8040 366 3053 5509 8618 1042 1323 670 4027 2264 6153
87 4644 1336 8040 8140 8342 1323 1020 6258 2486 5825 9301 7155 1181 8203 1728 6653 7049 5097 4726 1962 3053 4667 3926 7880 6101
88 3005 871 8618 6840 7459 2787 4086 1336 4766 4644 4941 8140 4293 7155 6269 9440 1581 5097 2486 5547 4027 9301 2962
89 4644 1020 9293 578 8618 7459 3523 9688 9398 1796 5097 6258 276 2787 7321 6859 7115 1042 790 9265 450 1956 8043 9301 4985 7949 935 7762
90 8342 578 4644 2741 3005 2744 871 1020 9265 790 4985 4086 6547 8618 246 2279 1181 3743 210 9301 6258 7049 8140 9968 6101 2962
91 3005 3053 246 5547 9688 3743 8140 4644 9887 5069 1336 4821 1020 6698 4027 2551 3153 1181 2744 7213 6786 4985 2128 2856 9265 6547 450 2240
92 9265 790 8342 2744 1336 8140 1020 2486 3005 7977 1423 5330 3053 3297 6269 2551 9398 3375 4985 6258 4667 9293 8618 9968 2240
93 871 8140 5389 4667 8040 366 1728 2335 4721 5069 9887 6258 1581 9132 4985 246 1323 2279 3005 7321 450 745 9968 2240
94 3005 4941 1181 1905 8040 4667 273 790 4644 2085 246 9265 1336 4726 7028 5330 8140 4071 6101
95 2279 4644 7233 1336 5330 8040 2744 246 1796 9265 790 2486 4721 7447 4486 7285 6258 6899 1625 6054 2240
96 1336 366 4985 790 6506 3005 5330 1581 9640 3153 7233 4486 4407 3745 1905 2202 3053 246 4027 6258 6170 7880 6101 9968
97 3005 8040 3053 4407 8342 578 1336 3297 8140 4726 7115 7459 6859 4985 4644 1796 847 2128 1181 6258 1956 9265 949 9968
98 4644 2486 3005 1336 4766 9301 2744 6859 2279 7155 246 7459 4721 4667 8841 8140 1020 3053 9265 7285 7880 2340 6101
99 1181 3743 4407 8342 4726 1336 3005 4644 450 8140 6859 4667 3375 2486 1020 2787 7115 8618 4985 7285 246 6258 79
100 3005 9265 1323 8140 4667 2486 578 4726 6269 6258 6859 7155 3523 8549 273 1336 3153 1668 9968 2240
101 3005 6269 7285 8040 1323 1181 4667 4407 9301 1020 578 8618 8743 7321 468 2202 4726 4985 4644 3053 5704 4340 1625 9265 7762
102 790 4667 3053 2741 2787 3743 1905 1336 3005 4766 1181 7977 8618 871 1020 3417 4644 9688 5038 6258 9301
103 246 1181 2741 7459 1276 4766 8140 8949 3053 1020 3417 9265 1905 5704 3005 7234 2183 6258 9640 2085 8111 9132 8507 5211 9745 3743 790 2790 7880 450 3936
104 3005 8618 3743 8140 2202 3153 871 2085 366 6258 8260 1323 246 3053 1020 1252 4941 4880 4644 9688 6840 8040 8387 2240
105 790 3053 6859 9265 3743 871 1276 2279 8140 5069 4721 3005 2744 273 4667 6269 3837 4345 468 8722 1668
106 2486 5330 1336 8618 8040 8140 2787 1181 4667 7115 790 8824 4941 6859 8549 4766 6734 8815 4107 9040 6698 7586 847 1625 8043 1042 8994 2240 79
107 2741 246 3005 9301 4941 1181 1728 3297 9265 9137 4726 871 4027 790 1336 3837 2586 1905 6269 3745 9887 276 8040 9688 7285 9968 1668 3894
108 871 246 1728 4644 5704 2741 2085 4407 4027 4293 1181 3837 450 3417 1581 7977 2279 1625 5006 8040 6698 6258 7285 6101 2240
109 871 2486 578 2787 1181 8342 4941 4644 3005 8052 1323 2202 4667 9265 1336 7459 4766 246 1956 450 6258 6101 935 9968
110 1581 9265 3053 1020 8140 6840 3005 273 6258 6698 3417 8416 8618 790 366 813 8342 2744 639 1181 9440 7874 9688 7880 8841 1956 6547
111 3005 1336 4766 1323 8040 2486 9132 6840 3523 9688 9265 578 4086 915 4726 1423 8140 9301 450 4071 1042 7709 9968 8125
112 3005 246 8140 3053 3153 9640 3745 4293 1581 2741 8040 4644 2551 1276 5525 3743 5474 5234 239 8618 6258 1668 2240
113 3005 7155 1336 2551 578 278 4293 246 5509 3745 8981 8824 366 1181 9265 6054 935
114 8618 9640 2486 3743 2787 3005 9265 4985 7459 9440 9301 1962 3745 2202 1020 2085 1336 6506 7874 239 790 1019 1276 9398 3053 4340 79 6613
115 3005 578 2486 8618 3375 1796 2551 2787 790 5234 4644 5330 2264 8203 8949 8423 8125 9968
116 4644 9398 3743 8140 2787 3530 8052 3005 3745 4407 6506 7977 2279 1962 9301 935 4985 9265 2962
117 2279 4407 6840 1020 2551 639 7174 7977 6258 8949 7880 4880 3005 7049 2741 5330 6920 1670 935 9301 1625
118 3005 3053 2787 1336 8342 3153 4293 4644 9132 1323 8040 2586 6269 4726 6859 9659 4071 6258 2486 8140
119 3005 4985 3745 8342 1336 4644 8140 9265 2486 2741 505 1796 1905 3523 9159 4293 847 9132 9688 2537 1956 6258 133 450 7285 7880 6101 935 9968
120 3005 6859 2787 3053 6258 3417 1905 1336 9265 4644 1796 2331 949 915 4726 8342 9301 1625 6547 935
121 3005 9132 1336 790 3053 8203 915 8342 2279 4667 3153 8040 3297 6269 273 2486 3743 1956 8140 9968 935
122 1336 6269 246 1276 468 9265 3743 4086 9636 4293 4880 3523 9293 6153 1423 7233 2787 8140 5038 4928 2486 4314 2240 79
123 3153 2279 1336 4726 1181 2787 3745 9301 9132 6258 8040 7977 9640 8618 1276 5330 871 3743 7321 5038 745 9968 2643
124 2279 2486 4060 6258 7049 4726 1181 1905 7213 366 3297 8140 7072 4985 1020 7977 9688 2326 1336 9301 578 9265 4345 9968 1042
125 4644 3005 790 2486 1181 5234 1581 246 2741 9040 1962 6258 8618 1905 1020 8203 2896 9187 6840 7049 6269 7321 949 4071 1042 4340 7285 450 935 1668 2240
126 3005 246 366 6859 4407 8618 4941 9398 273 871 3743 2279 6269 2787 9301 6468 1323 1020 9132 9265 6547 133 2240
127 6859 1336 3005 790 9301 4726 8342 278 3053 7459 5069 2787 7155 6840 9159 1581 2744 273 847 2240 9244 79
128 1336 2741 4644 3005 4407 1581 6859 1181 639 1323 6258 4060 4766 1728 7115 1905 4486 4667 4230 5704 3053 4985 8140 1956 6986
129 8040 871 1020 3005 1336 4766 578 8618 1181 4644 1581 9887 9688 2741 545 1796 4667 9265 790 949 5389 9968 9007
130 5330 8618 3153 790 6859 1020 6103 6269 1181 1423 9159 4644 2486 353 6506 9398 4985 6054 6547
131 8140 246 3153 8423 3005 9265 4667 6269 1020 4644 2787 578 9640 3888 1042 5795 4766 2486 8618 3745 6547 935 9968
132 3005 9688 9132 1276 2741 9887 3743 4086 9265 6258 8040 1796 9640 8203 7459 8981 2279 6698 3375 8342 4705 1042
133 2486 9132 4644 9640 3005 4766 1905 2279 6269 790 915 8052 578 4086 545 2150 6258 9301 8994 935
134 9887 4667 4293 4644 6859 1020 1336 3005 6258 3153 7977 3053 3895 7513 8815 4060 2730 9132 2741 8618 8140 2240 8994 2962
135 3888 5069 9640 7233 949 2279 4340 6258 6506 246 7321 3005 8203 670 2085 3053 790 273 8507 4107 523 8994
136 2787 2741 9440 3053 4107 8618 3375 5107 4644 3153 8140 7977 5546 4667 2744 4726 6258 1042 1625 6101 7880 9301 745 6613
137 3005 790 4644 2486 4880 7977 2085 3053 2279 6269 273 2586 2787 4345 1020 9265 8040 1336 8140 1670 6547 6258
138 3005 1181 4667 3523 578 1796 366 2085 1020 8824 246 6258 1728 1122 3417 790 4107 3074 9968 2962
139 6269 9688 4644 4027 1323 3297 5069 2486 9887 1728 9159 9293 3926 4821 6062 4880 7049 2586 2787 450 847 7048 4345 523 9301 6547 6258 2240
140 3005 871 4134 9132 790 3745 6257 9265 3375 2085 1220 8203 6991 6859 8140 1336 8507 246 1962 2335 7742 3417 949 3664 6258 2240
141 6859 3743 2486 2787 8140 4407 7233 1905 2279 578 3523 1276 790 3297 1625 6258 8618 450 3074
142 3005 246 8040 8140 5330 6258 2279 1336 4027 5234 9640 1581 8389 3837 2486 578 3053 450 1181 182 6153 9265 4928 4340 4985
143 3743 7977 3745 8040 2279 915 3523 273 7049 1581 2744 5330 6859 468 2486 9265 7709 6547 9968
144 3743 1336 9887 8140 4644 3005 2787 8040 3375 5097 3417 7461 3745 4134 9132 847 2279 4340 7713 6101
145 3005 2279 3375 5687 3417 3926 4178 2787 4766 9640 8260 5234 8981 8549 7049 450 1042 6258 7949 2240 9968 2962
146 366 9265 2486 6269 8140 1020 1276 1336 246 2744 3005 2787 6258 4293 5525 871 7049 1728 7513 4726 3743 133 450 6281 7713 8423 6547
147 9265 4293 790 4644 4667 4941 3417 9301 2896 4985 1042 7049 246 4766 4407 3053 4134 7285 7155 8507 1581 6698 1670 8140 9968
148 3005 8040 9398 3766 2787 2486 5330 2183 4027 1336 9265 1905 2551 4667 1252 8342 1181 4941 3523 3053 9301 6153 1383 1353 2240 6101
149 4407 871 2744 9887 1020 7049 2279 3926 2787 9132 8140 8618 5509 6859 1336 9688 278 7459 1181 9398 6991 276 6547 9968 2962
150 5389 2279 790 4667 4486 1181 1336 4644 4407 9640 5401 9265 1323 2202 3523 2486 8618 7874 4985 8140 6054 2
151 4644 1020 4726 3005 4880 6258 4667 1276 3745 8140 1336 6859 2896 7459 8618 9132 2787 2741 9187 2486 6101 1668
152 1181 246 2085 6258 6840 2744 4407 9132 1020 1336 2279 4726 7155 9640 2787 3895 9301 9688 9137 8743 1956 7285 1042 4107 8140 7880 2240 935
153 9132 1181 9636 8618 3745 4407 1336 1581 2279 7049 4667 6258 780 2586 8040 9235 7459 8815 4985 9398 1042 7285 1625 6153 4928 9301 4340 9968 935 3894
154 2787 6840 4407 6859 6269 3523 276 3743 8618 6258 7115 3053 366 6457 4766 523 8140 7880 935 2962
155 790 3745 1905 8140 4644 1694 366 8040 182 4093 2486 3005 9301 4107 2183 9332 141 4027 6506 9688 450 4345 8618 7949 3936
156 1181 8040 1336 3005 5330 2085 790 2279 9132 7233 5474 2202 7049 7285 871 4027 9688 239 4407 578 9265 847 9301 6258 7709 4340 935
157 4667 4726 6258 1336 450 8040 2787 1905 2279 4077 4644 482 7155 8507 133 6698 6786 1042 9968 3894 2
158 246 3053 9132 8140 3005 4644 5525 7155 2787 6269 4027 2486 871 1181 6675 4293 1276 9265 915 7049 2721 8881 1042 7762 1668 935
159 871 1020 8140 9301 3005 3053 3417 5038 1905 7459 2551 2741 1728 4766 8949 4086 4928 4077 1276 2787 3745 8342 5335 6258 745
160 8040 8618 8342 273 8140 3005 2744 2787 1336 3494 3523 2730 1276 7049 4880 1694 4407 4060 9301 813 6258 2240 9968 2962
161 246 2486 4644 7233 7155 8140 8040 3005 578 2744 2279 1728 7899 949 9265 9398 3297 7285 847 8260 6899 935 9968
162 2085 8140 1905 9640 8040 472 3005 6506 949 3375 6840 9159 1276 4644 3053 6698 847 4407 7321
163 9398 3005 2486 6506 790 4086 6675 1323 6840 4407 9301 2787 6258 6698 8052 2279 9688 9887 1962 9040 4027 9265 3926 6020 2150 1625 79
164 4644 9132 5330 790 5389 1336 8203 8140 2279 6506 4293 8040 7459 9301 2486 7049 7285 9265 935 2962
165 3005 2486 8140 4644 4726 7233 1276 3743 3766 1336 5474 246 5069 9688 1496 8841 4345 9636 3837 1962 7459 6269 4941 4071 6258 7049 8618 2240 8125
166 3926 790 2279 1020 6859 246 4027 3523 6258 4486 366 9265 3745 8618 5389 9398 7049 2263 4766 3743 9887 847 9301 935 745
167 1323 246 3743 2787 6859 1336 3005 3375 3053 7213 8140 4721 8040 871 4407 7049 578 3745 1020 6054 8618 1668 9968
168 3005 9265 1020 7155 2085 3523 8140 949 4721 7233 246 3297 8040 5704 6859 482 2551 4345 7880 6101
169 578 3005 246 8140 4407 6258 2744 9159 7155 1181 6859 9265 4667 8342 3743 8824 4100 2721 2486 6920 9688 6547 8125 935
170 2486 9640 8618 8140 3745 3743 4766 639 4071 8949 3417 4880 9265 4644 10 7049 2787 5330 6991 5961 4985 8125
171 3745 4766 4941 2787 1323 9688 5069 6859 141 3053 3005 3743 2326 5330 8507 1694 3926 5795 1297 2085 468 7880 9301 6258 2240 7949
172 6840 9398 8618 8140 5547 578 246 7459 4644 4726 5330 9159 1323 2202 1728 9688 2741 8815 8040 4985 9301 1042 1383
173 3005 8040 1181 3053 8140 4644 3745 3153 6859 2551 4345 8203 2741 2486 1336 6840 8342 4407 871 2085 6101
174 3743 1336 4726 9640 1323 790 5961 9688 3523 4667 1694 366 4644 6054 239 1042 6258 1252 9968 2790 6134 6101 3074
175 4644 8342 6258 1181 9265 8416 2741 1336 4293 6840 9636 4880 246 5687 6103 1276 8140
176 3005 8140 4667 1336 273 5961 2486 1276 4086 1905 8040 2202 871 141 5525 4726 2744 1956 3153 5097 4027 6258 1670 6054
177 3005 8140 9265 9688 5330 1020 1796 1181 5069 468 8981 4667 246 3375 273 790 7115 6506 4060 1956 4071 7899 935 5715
178 8140 2741 2787 3005 8342 2279 6859 8618 871 4027 3743 1181 4644 5234 670 790 2486 141 2744 8566 6258 9265 7949 2240
179 3005 2486 6258 2279 4726 1336 3153 4027 8140 7049 6706 5308 5069 7880 6899 1323 6062 5389 9688 141 1905 4985 6054 7213 9301 2128 935 2240
180 246 871 4407 1020 8140 1323 4644 3153 4667 790 3005 3766 2586 3523 9398 278 6258 6547 1668 7762
181 1336 2279 8618 7233 1181 1276 3743 3153 2744 1905 8040 8389 915 6258 9887 9688 141 4928 7285 6054
182 4644 4667 3297 3523 6258 578 9640 3926 9293 8140 2486 6859 639 2551 1020 2787 8618 9265 6054 6547 935 2962
183 9640 3005 246 2787 3523 7233 1181 8824 6269 366 9265 3417 2085 3743 6859 3053 1020 4086 3837 4071 4985 949 9968 935
184 3005 1276 8140 3743 1020 9265 1323 2279 8342 9640 8618 366 273 482 133 2787 1336 4027 1181 3153 2085 847 4928 6258
185 3005 1336 8618 3153 2202 790 9688 4407 3417 4766 141 7459 9265 2279 4880 1276 5234 4667 3456 246 7285 6101 9968 2240
186 3743 3005 949 6269 8040 4086 9688 141 6258 5330 4060 3926 2744 915 4345 9265 4407 6840 1020 9132 1336 3745 545 847 7155 450 4340 1625 2962
187 4644 246 3743 7155 2486 7459 8140 5069 6859 790 4407 9159 1336 182 8203 2202 8841 1181 9688 7285 6269 9301
188 8549 4644 1020 6698 7459 2744 3766 482 366 9636 6258 8743 4721 1181 4362 450 935
189 4407 9301 2787 2741 366 4486 2335 4667 5069 7285 3895 3297 4644 8140 3417 3743 798 1042 7880 4027
190 3743 8618 1020 2787 6859 6675 278 2486 6269 4667 2896 7049 5389 5525 4644 3926 4027 7155 246 9265 1181 2183 8140 847 7880
191 4644 1020 8140 2787 4726 3417 2744 8618 9132 4880 6519 1181 4667 6258 4086 8549 9398 3926 450 6101 2240
192 8140 4644 4407 4766 3926 2787 2085 1336 3743 2202 9132 790 1463 3417 5330 6840 9301 6258
193 2486 4407 4086 3766 4941 3053 4726 1336 273 3743 6506 6269 9301 4644 5330 6739 2741 9040 9265 6258
194 3005 366 915 1020 1181 5389 9265 246 2279 8743 3417 9132 790 4667 4027 468 4486 5069 7049 8140 4345 2085 6258
195 1336 2279 1581 3417 790 8342 8040 1905 2741 3005 4086 6258 1020 1625 4070 4721 2203 4107 6859 8618 8140 4134 5097 1042 9968
196 4644 8140 3053 8052 5038 6269 7285 9265 1323 3153 5069 9040 9398 1020 1336 5525 9440 7459 1276 4721 3743 5795 4027 935
197 2279 8040 2741 1181 9301 8140 3895 4667 1796 8743 4644 7459 4486 1336 4721 3456 4345 9265 6170 1353 9968 1625 935 2240
198 8342 8140 790 1181 2744 3005 4644 4407 1020 578 3297 3053 366 4928 6258 2279 7899 1042 4828 4071 6547
199 4644 4293 4407 2279 8140 3743 5389 6103 4667 4345 9301 6859 4086 5687 9640 5704 4027 6547 2240
200 3005 2279 1181 8052 8140 4667 1020 1323 4985 5547 6859 6269 7285 4928 4721 3523 5330 2183 7762 79
201 8140 8342 3745 8618 3743 9301 2787 3005 6258 2741 8389 790 9159 1905 9265 4644 2551 2085 2744 9968 6054
202 3005 1181 1336 3745 6258 1020 366 2787 1323 790 2486 2279 3743 8981 10 4486 1423 9688 1042 6101 79
203 3005 1336 2787 246 9265 366 8140 7213 1581 4941 4086 639 8618 8549 1796 9301 8040 4985 9636 5872 4027 2486 468 5232 2744 847 935
204 1020 2787 2279 6698 4644 4407 8342 9640 1181 1323 3053 8140 7977 246 4293 7611 4985 1728 9301 949 6258 9968
205 4644 1020 4667 578 3005 1581 8507 9688 2486 7155 915 1323 9301 7233 4407 2744 9132 6859 2085 8618 6258 1956 7880 5307
206 3005 6258 6859 790 2486 2279 4486 4293 1336 9640 246 7233 2787 2744 4667 4928 3053 3745 276 7049 9265 6054 745 1668 935 9968 3894 2240 5715
207 1020 2279 790 3297 3417 5389 3005 2744 3745 4941 1581 1905 141 6991 3153 7115 6258 7049 9265 2240
208 3005 4644 246 790 7977 8140 8040 1336 8342 4027 4486 4928 9440 3053 2787 949 1423 3743 8549 9265 5234 8618 6258 847 6101 935 1668 6613
209 1020 2787 9688 9398 4086 8140 7977 6991 4667 3523 871 2741 4726 8040 2085 1423 1728 246 691 9265 1042 4107 2240 3894 9968
210 2787 1020 915 7233 2279 8342 1181 3417 3297 8203 1323 3053 7155 6859 1581 9576 6258 9301 9265 847
211 3005 8140 2486 1336 8618 4644 790 1020 4293 8881 4134 246 4667 5330 2787 6054 7115 3375 5872 6258 3827 847 935 6547
212 2741 3005 2787 4486 4721 8040 8618 6859 9440 6258 9887 8342 1796 3417 5069 8423 7977 4086 7049 4060 745 2240 9244
213 1181 4644 3745 2741 1336 7155 1728 3005 3523 246 5546 468 3888 8743 8507 790 3837 7285 949 6258 9968
214 3005 9265 2279 246 366 790 3417 7459 9301 9640 5525 4644 4060 578 450 4985 9688 8140 7559 6258 6101 1668 9968
215 3005 2741 1336 5330 9640 273 9293 7459 8140 9301 2335 8549 6840 246 4486 4766 5135 3417 5097 4345 4027 6258 4985 3584
216 4644 2787 9301 4667 1020 133 8743 4340 2202 2279 9688 8186 4407 1323 4293 450 9968
217 4644 790 578 246 273 8342 2202 9265 4086 8618 2486 1042 3417 4880 1020 6257 8549 4985 7459 8140 6258 6054 7285
218 3005 3743 1336 1020 4407 2741 9398 8140 9301 2787 5069 790 5389 3417 3362 1423 871 366 4928 6269 8618 7459 8069 247 935 7949 2
219 273 6258 7049 3053 2486 9265 4941 450 1181 8342 9576 1796 3005 949 2183 6698 4107 4667 4821 790 6991 246 9688 1042 1336 8927 1020 4345 6840 8140 9301 4985 745 8994
220 3005 1323 578 1336 1181 4726 2486 1423 8040 468 5547 871 6258 790 3745 1122 8618 6103 2787 9265 9301 9968 2240 79
221 4644 2486 3005 6269 8140 7049 5155 7837 1181 450 8618 1905 8815 246 6103 9265 6062 4766 7028 7880 4985 2183 9137 6258 9301 8994
222 6269 6103 6698 871 4880 8140 6258 8040 790 3745 4644 7977 472 2787 1019 4407 5872 1042 8618
223 790 3005 1020 8140 4644 246 4667 1336 9301 4821 6859 5474 6506 2279 2787 6269 9688 6258 9265 6986 5307 352 2240
224 3417 7459 5525 5509 2279 9640 1336 8342 790 2744 4928 2486 4486 5155 5634 482 6767 6258 1728 246 1625 2240
225 4644 3743 3005 9265 6859 5330 2744 1181 7285 1796 790 1336 4293 8927 8040 1496 2741 2486 4134 7485 8140 6258 847 7880
226 1020 2486 8140 3743 8618 1181 790 6859 2279 3005 6840 2264 5234 1323 4293 5795 4667 4238 9265 9132 3053 6258 4985 1625 6547 6101 9968 2240 1668
227 1181 1323 4644 8040 3005 790 8140 3153 1020 2486 1336 4985 2279 8203 4077 2741 9688 7233 2551 9040 246 6258 9301 745 4314 6101 2240
228 246 3005 3053 4941 1336 4086 4726 9688 4766 9265 1423 6859 8342 2741 482 7115 790 2202 8040 1625 2085 949 450 9301 6258 7762 9968
229 6269 6859 2279 9132 4726 1020 3417 9646 578 2486 6840 8140 4766 6258 790 3005 2787 4985 9968
230 9265 949 2787 4644 9688 246 2486 8549 5509 7447 4667 3005 4407 2085 6506 7165 1905 790 5097 3714 3827
231 3005 4644 9440 8040 8342 273 2551 1336 4134 6258 915 8140 8549 790 5069 3375 8618 9659 7165 9014 4027 935
232 1336 5330 4726 3005 2551 4086 2787 6698 8040 4667 2085 3766 2331 4340 9440 7213 9301 545 7880 6258 6101
233 246 8140 8040 4644 1323 8618 4027 1020 639 1181 2787 9265 273 6991 3053 3743 9159 2279 7459 2744 6153 9968 935
234 2787 790 2486 2279 4766 8052 4486 2741 2335 5097 4644 6258 871 8423 8981 3053 4941 639 450 4985 6547 1668 7762 2962
235 1181 3005 790 2551 8342 2279 3743 9688 3053 3417 7321 1728 4667 6258 4486 5961 871 1323 1020 246 9265 8140 1625 9968
236 8342 9640 3005 2085 8140 3053 2741 8052 246 8203 9159 639 4644 9132 8423 8040 3456 2486 4667 3297 1181 4027 6258 6101 4985 9265 6920 1625 847 450 6547 7949
237 1276 790 3743 871 3005 3837 6859 8203 1020 8342 9398 5097 4293 2787 1181 5038 6698 9265 4667 9440 3053 6258 4624 9968 2240 2962
238 1336 8140 4644 1020 3743 4726 3005 4667 4407 790 4766 4086 366 9159 3456 8507 2128 9301 847 6698 6054 6920 1625 935 2240
239 3005 2741 7115 6840 1336 1181 4644 545 2486 3053 4941 3417 5097 9265 9636 2551 4726 4107 1323 4985 2240 9968 1668
240 3005 8140 1181 4407 2744 1323 1020 5525 239 3417 8040 2202 4086 4766 8052 4941 9301 3827 8549 3745 8618 4027 1042 6258 6547 4985 79
241 3005 2486 790 1905 1336 5547 6258 8815 4667 8743 8140 2551 6698 5872 3895 8342 2331 9666 6653 6413 450 9265 9301 6170 1668
242 3005 9301 1336 8140 9265 2279 1423 4086 9640 9040 790 246 4726 8342 4407 639 2085 3417 3637 545 7115 7880 1668 2962
243 1020 3297 2741 5547 4644 9398 2279 6258 4880 3523 2730 3417 7459 9301 9440 366 4326 9968 935 2
244 9265 6258 4644 2202 246 8203 1581 2744 8052 2787 6786 4407 1323 3456 2486 3153 1463 5961 4345 9968 3894
245 246 3005 578 6258 4644 4667 2787 2551 871 182 1020 8040 8203 2202 6269 9265 9688 5097 935
246 1336 1181 1020 2486 6269 4766 3005 3743 1323 949 2741 468 246 1122 9636 8140 5330 3888 5961 4941 5038 4340 3111
247 3153 6269 3523 8040 1336 2202 8260 4644 1796 871 3743 2279 2183 7285 8618 9688 6545 2240 9968
248 3005 246 8140 4644 3297 1020 8618 2486 366 4086 4766 6103 3530 3743 3895 4345 5330 4027 6258 7459 9688 4340 1625 79
249 4644 6859 3005 1336 6269 2279 3053 1276 8618 8140 366 9265 2551 4726 246 4486 6258 1181 4345 4071 9301 4985 8069 450 6054
250 3005 9398 2085 9265 246 1020 4766 3637 8140 8040 4407 3766 1694 3523 578 790 871 9640 450 9688 6547 847 7285 3894 2
251 3005 790 3053 8140 2279 6506 7233 2787 639 9132 7165 8824 5069 8416 4766 2183 2085 949 6258 1668 2240 935
252 8040 3005 2551 1336 6859 9640 7977 3745 246 2183 6840 9398 2741 871 813 2787 847 5547 1905 7459 915 8140 7233 7949
253 8140 3053 3005 8040 871 4407 5330 2279 1020 780 4726 4766 8342 790 779 1336 1728 450 3950 1625 9968 7762 2240
254 3005 1336 246 7459 1581 7977 1796 8140 9688 8040 6103 1276 4644 3297 790 4667 3153 2202 5234 780 1042 2240 9968 2962 2
255 9688 8618 5069 798 790 2486 2787 4667 5234 2741 1694 2202 3005 9265 9666 3053 1181 6258 2551 4726 1728 450 5097 4027 745
256 3053 4644 3005 6859 6258 273 1581 8743 8618 9132 871 1336 4230 578 4721 7115 3895 6547 9301 4985 935 2240
257 3005 3153 1581 3523 7459 2551 9398 4644 3053 8140 5389 6859 9301 2203 8342 3417 3743 1962 6258 4060 1625 7949 745
258 8140 1276 7155 1020 4726 5069 5389 2787 1336 1181 6840 4407 4060 790 4985 4340 6506 3456 6269 3837 133 468 9968 1668 2962
259 4644 949 9265 8743 4726 5069 4107 1905 3743 8618 1796 6786 4667 1956 6269 482 8203 3895 246 1728 7874 9968
260 1323 273 4086 3053 8342 1336 4667 6258 6675 3926 7233 1423 3005 3153 8618 847 1181 246 4486 790 1796 639 9666 652 5546 8507 8140 9301 2240 9007
261 1181 1020 9640 9301 4644 949 8140 790 6258 4667 8549 3743 6269 2741 4407 8203 4880 1336 5442 7977 8618 9265 847 2240
262 4644 9265 6269 1020 790 5234 2744 6258 4027 4667 8566 4721 6840 1336 6991 3523 4407 7880 7285 4340 6153 2340 2240
263 246 3005 8342 3153 9265 4644 578 5330 6269 3523 1336 9688 2085 4667 8260 5389 7459 6258 9301 4985 935 9968 2240 2962 3936 79
264 1336 3005 1020 1905 4941 8140 7155 6698 2741 9301 4293 6258 9398 5234 4721 2787 4766 1323 9265 9235 949 1042 4340 2643 935
265 3005 1336 6506 790 3766 4644 9265 6351 273 2085 8743 4086 4060 7485 2586 9688 14 9398 1276 5097 8043 2240 9968 2962
266 3005 5330 4726 4066 246 545 3926 8423 2551 2279 4721 366 6859 1336 1323 1042 7762 8994
267 8040 141 8111 5330 6258 1323 3714 1496 7447 1181 9265 6269 4726 8342 1905 4086 182 1423 4071 3745 1252 5547 1020 847 6698 450 4340 7762 2240
268 4644 3005 9265 6258 2744 8140 1423 4721 1336 790 1276 4726 7233 5234 4667 1042 1323 3837 3745 7285 949 8387 2962
269 3005 1336 3745 4667 5135 4644 6267 6506 9640 4071 4766 6258 4941 273 9265 8040 9646 2085 4107 8140 6101 6613 935 2240
270 8618 2787 790 1323 2744 4644 1181 246 450 3926 3743 2279 3745 6840 3417 8040 5704 8342 6258 6101 9968 935
271 3005 4644 2486 3523 1323 1181 4086 4721 3637 6269 276 578 7899 1796 8140 9301 1252 8618 9265 8043 2240
272 9640 6269 8140 1020 4721 6840 3743 4407 4644 9398 5069 246 2744 8824 9265 2202 1276 3837 5097 847 6258 935 352 1668
273 8140 9132 790 1020 1336 1181 8618 7321 9640 2787 1694 5474 8815 5330 6506 1496 9265 5961 6258 2085 8040 9114 9688 7049 4107 9293 3837 6281 8125 3936
274 8618 4293 3153 6840 4721 6258 8140 545 3005 7837 141 8824 273 7232 6281 9265 935
275 3005 790 3053 1336 578 2551 9265 4941 1020 2486 3153 8793 5155 6258 5330 8342 3581 7233 4027 1905 5069 9301 8140 8722 745 2962
276 3743 790 4407 4644 7459 3005 9132 8203 2896 8140 1020 6859 3766 3837 6351 5525 1336 1796 6258 4134 8618 9968 2240
277 2486 8618 1336 4644 9398 9636 7155 4766 4293 2741 3745 9688 790 3743 8040 2183 3926 4071 8342 4230 9265 6258 780
278 4644 2787 2741 8618 1336 790 6258 6698 7977 7285 9640 5234 5547 4486 1694 7233 4726 1905 1020 9887 1496 6054 2240 2
279 3005 2787 2741 1323 8618 3745 1220 8140 4407 8040 3153 9887 482 6840 4486 7899 6258 9593 246 5687 3743 7874 7880 1668 9968
280 871 2741 8549 790 9688 1905 4821 246 7049 7115 7155 9132 2279 2787 4941 6258 482 2486 8140 6101 4340 2240
281 3005 790 8618 9301 1276 4726 1020 4486 6269 3743 8140 1581 366 1336 7285 4941 4667 4721 4407 1181 7880 5097 6258 1668 9968 935 2240
282 4644 578 9640 1323 4667 7233 3837 5097 2486 8618 4766 8040 1181 366 2787 8140 4071 4486 790 450 1336 4027 7880 6258 7285 2240
283 1336 2279 4766 7049 4726 7285 4060 7155 1728 8140 3417 4667 2741 450 6786 2486 9636 4293 949
284 871 8040 3005 9887 8140 3743 3053 3375 4345 9132 4134 4644 6258 1581 3766 2486 1905 2741 2085 4086 1181 9301 2730 2264 1728 2962
285 3153 8140 2202 3005 4726 790 4027 4644 4345 4667 9265 6698 4985 1020 871 3053 2279 8042 7049 1728 8043 450 6101 6613
286 3005 6859 8342 3926 8052 4726 2202 4407 5069 6991 9265 790 2551 4644 3053 8618 450 5038 4027 4134 6547
287 3005 3743 9265 1323 1020 3053 3523 2744 2551 7028 3745 6506 5389 915 8140 4134 8841 935
288 3053 246 6258 8040 3005 2279 4667 9159 871 8140 9640 3417 6859 4407 1542 4644 9398 7233 6840 5772 6153 9244
289 4644 3745 8140 246 8040 1905 2741 1020 6258 5872 2744 6619 790 1336 847 2183 3267 7459 7049 9132 2279 8618 7285 6920 9968 935
290 4644 7285 8140 3005 1020 1181 6840 2085 4821 4407 5097 7977 450 3766 5547 8203 4766 3745 7459 1276 7233 3982 2962
291 6269 4726 6859 871 3297 3005 273 2741 4345 8507 5038 667 4071 9593 2586 1297 4644 468 450 4027 6101
292 3005 578 2741 8618 2787 273 4486 4027 3523 3745 2279 1905 4060 8140 4667 639 6258 9265 6547 7049 9968 8387
293 1323 4407 2486 8618 3743 1581 9640 9301 7559 3417 1181 2741 5795 813 5961 5704 1020 246 8824 6786 5525 798 9265 450 1625 9968 3936
294 1336 4407 790 4644 8618 3417 3743 3005 6267 3153 8140 1905 6840 4667 239 5069 1728 7880 6258 1042 6101 9968 3982 2
295 3005 8140 8040 6859 2787 4644 6258 4667 6840 1020 7977 8618 9159 6269 1423 5546 2486 1336 578 9265 847 4985 450 935 9968
296 2486 9640 9688 4644 1323 6698 1181 1336 4941 3743 1020 915 6840 8040 9745 813 4766 578 847 6258 9293 2192 4928 450 935 3894 2240
297 1323 4985 1181 6269 6840 3153 3417 4391 4667 2279 2202 847 6859 4340 639 3743 9688 3745 468 8618 7880 1956 4071 6258 745 9301 9968 79
298 4644 1181 1905 2486 1336 8140 5097 2279 3926 2787 9265 3005 8743 1323 1020 8618 1423 5038 2408 246 9301 6258 8994 2240
299 6698 2486 790 182 3417 6258 3745 7459 915 3053 8052 1020 8140 5961 3926 2085 4644 8507 4407 1728 5704 9398 4880 1956 1668 6101 79
300 8140 5330 4293 1423 639 3297 8040 790 9688 2486 4644 1336 2744 2210 949 9265 6258 4060 6269 1956 4340 780
301 3743 2787 3895 1323 6840 2486 3005 8203 4407 8140 3053 2551 8040 6859 6675 2279 3375 9265 6258 9244 9007
302 8140 3005 4667 790 1336 8981 6351 7459 5509 2744 8342 8618 5474 1323 6991 6506 3743 9132 6267 1042 9659 2962
303 2744 8140 1581 2279 8040 3417 1728 273 3297 366 6258 1181 4027 8981 9301 7787 6859 4821 1670 4107 5097 780 7762 9968 2962
304 3005 578 2279 8342 4644 3743 4086 2744 6506 847 9636 790 652 9265 450 935 6101
305 1181 3745 790 9293 4644 6269 141 6698 8040 1905 3005 6457 3417 4486 6840 1252 2741 4985 4134 6258 6101 7285 9968 935
306 3005 2744 790 1336 5097 9265 2787 246 8140 2085 7899 7049 8040 3837 273 5525 1042 1020 1181 4486 2741 2486 6698 2279 6153 7314 7165 4985 9301 5307 2962
307 2486 3005 9132 9688 2741 2085 3926 2279 1181 3153 5234 8203 4407 1905 6859 3743 4766 2787 3053 1276 6547 9968 2240 2
308 1323 4726 578 3523 5795 6258 482 6269 2744 246 6457 3745 7899 450 3053 4086 1962 4985 9301 6153 8043 9968 1668 935
309 8342 915 5330 3745 1905 273 1020 2279 6859 8203 9132 7977 4027 6258 7115 1581 7233 7880 6547 1668 935 8994
310 4644 3005 790 578 3743 1181 2486 8618 2741 2744 6258 1581 7899 9745 1323 4667 1336 7049 1042 2586 8140 1625 1496 6547 79
311 1336 3005 2551 6859 9688 2202 3523 8566 276 366 5330 1020 1423 5547 1276 6258 4880 8618 9968
312 4644 5330 1336 3053 3297 7155 9640 4027 7977 7233 4721 8743 4429 4667 1020 2486 6258 7072 7880 6014 6547 6054 2962
313 2787 1276 8140 790 1336 6859 6698 366 7115 8342 8040 1020 1042 847 2279 246 2586 8203 4705 6920 8462 6258 935 6613
314 790 3743 4293 3005 9265 4667 246 7155 1336 2721 2202 8203 3297 6258 7837 8140 545 7285 7880 9301 1668 9968
315 4644 9640 5509 2787 1336 8618 4985 790 4941 273 9666 3284 4107 3297 7155 8342 9398 1905 7461 8140 9301 2962
316 4644 1020 2787 2741 6859 3745 3005 1336 366 7459 9265 8342 3053 3895 2486 246 8040 5330 5587 780 4027 8618 1625 935 5715
317 4766 246 2741 3153 6859 2486 3745 1020 9265 4486 790 1905 8507 8549 9301 3053 5135 1181 4345 8342 8618 8824 6258 2128 6698 6054 4340 9968 2962
318 3743 1905 2486 1181 4407 6258 8140 8618 9640 4880 4667 4644 3417 1336 3005 1978 7049 5069 9159 3895 4928 813 6134 935
319 6859 2551 5330 4766 9159 2787 1020 3523 1796 1122 915 2741 4667 6258 7459 6101 9968 935
320 3743 4644 3153 3926 8618 5330 6840 1336 2279 871 8824 2787 7977 7115 1042 7713 6258 4985 4340 6054 7949 9968 3894
321 3005 8618 1905 5234 3745 2085 1220 3153 4644 790 379 6675 3053 949 9640 8881 8981 8342 1336 246 1728 468 7155 7049 9301 79
322 8040 8140 2486 4644 482 3053 1336 2744 9040 1905 578 3743 5330 3523 3837 8618 9265 6258 4060 6101 9968 745 2240
323 2486 8140 8040 1181 2787 6859 246 366 3005 3297 4667 790 3053 915 7321 4880 9676 9659 273 8618 9301 1042 6258 8387 1668 9968
324 2486 4644 8140 7213 3743 1581 2279 4027 133 273 4821 1020 8203 1728 2128 8342 6859 4407 2203 6258 4134 780 9007
325 1336 790 9265 2486 6269 915 9640 6506 1276 3837 4667 9132 5135 468 5474 5069 7899 4941 3743 6258 9440 6859 412 6054 2240
326 4407 1323 1181 5069 6258 4486 366 8111 8566 578 3743 9159 7899 6899 4721 3005 3827 4667 5509 4107 8140 9199 2962
327 3005 3745 1323 4086 2486 8618 8040 3743 8949 7049 1336 9440 4644 1728 1181 5330 1962 8743 4766 4345 4985 6859 9301 6258 745
328 790 4644 2551 3926 1905 3005 8140 141 8416 4407 6269 847 8342 6547 8743 7977 5509 4726 1042 6258
329 1336 4644 4941 3005 9301 2486 8040 1181 3926 3153 7977 5687 6991 8140 1020 6258 578 4667 790 9398 9688 5401 9265 6547 6101
330 246 9640 7155 3005 3417 8040 6258 4134 4667 1181 790 3053 3714 1042 1336 6269 1423 9887 1122 3895 9271 1020 8043 1625 745 9968 6101 2962
331 3005 4644 3153 1694 3523 9265 4721 8618 1276 2744 847 273 9636 8140 2486 6547 780 6258 1668
332 3005 1336 8342 3926 8140 4766 4644 2741 1020 1905 2486 9636 141 790 2202 8040 6258 8618 6269 9593 2085 847 6675 450 2264 7210 7949 8125
333 3743 9688 871 7285 2279 4407 3494 8140 4644 2741 5097 6258 3888 7447 2787 3837 1276 3841 450 6101 4340 9968 321
334 8040 6698 8342 2787 6269 2744 4060 4941 6840 4721 7233 1020 7115 5961 7977 2586 6258 790 4345 2183 8140 4027 7285
335 4644 246 2486 3743 8618 4407 2744 3153 6859 639 1181 9132 3888 8342 8743 8203 8140 2741 4985 6054 2240 9968
336 1020 4644 1323 3153 1181 3743 9688 2486 3417 4941 4667 4766 1276 5069 133 6269 8111 790 6258 450 4340 8140 8743 5961 8618 935 2240
337 3005 8140 4667 3153 1323 6258 5069 2551 1276 2787 9265 915 1336 6859 7213 6103 1181 8618 1122 246 141 2085 1668
338 8140 578 2486 6103 2744 3005 8618 9265 6840 1581 3153 468 1019 1072 9398 4486 3743 7049 871 1323 246 9301 9968
339 3005 6258 8140 8618 4667 9887 790 7155 3743 1323 133 6675 3837 7321 639 4293 8203 2335 5038 3053 1694 9265 4340 935
340 1581 6859 3005 1181 4985 7233 1728 9688 7232 790 1323 2486 4667 2279 7977 6698 366 8140 5069 4941 7285 1956 6258 1625 6101
341 3005 9265 8040 5330 2486 4941 2744 246 2085 4407 1962 7459 3745 505 4644 4667 2721 5234 6698 1336 6859 8140 9301 7285 450 1668 7762 2240
342 3005 1336 8140 2551 4644 3837 3745 9640 1020 4941 2202 4880 9132 4667 3417 578 3895 1042 4985 6258 3894
343 4667 3005 4345 3153 9301 6258 2787 8140 6269 7233 949 1181 915 5330 5069 2486 8949 1336 4644 1122 7459 9265 1625 9968 1668 2240
344 9301 246 2787 9640 9265 2741 8140 3005 6258 1181 4941 2085 6859 1276 1905 366 8052 482 4060 4345 5069 6698 468 5330 670 7874 7880 7709 79
345 2787 9265 8040 4667 7155 3153 1020 5546 2486 3053 8203 4407 2744 7213 1905 366 3005 8342 4070 8618 4345 450 8140 6547 2962
346 9265 2787 3837 5547 4985 1581 7155 6991 4293 2279 9132 1181 1905 8743 4941 4726 8342 9688 4107 1042 6258 9968
347 4667 4086 6269 9301 2279 2486 6840 2741 8111 2586 1181 2551 631 8824 4407 246 468 1042 935
348 8342 790 7233 366 9636 4644 3637 246 7447 8040 7285 6269 1020 9745 2744 4721 935 7762
349 4644 1336 5330 1276 4027 3523 2741 4941 1905 3005 9688 1581 5069 9398 7459 790 2744 4880 6258 2264 450 949 6101 3111 9968 935 2240 79
350 246 4644 1336 3005 790 8342 7233 578 1323 2787 8981 4766 4667 2939 8140 6269 3456 8423 9265 9968
351 8140 8618 1020 3745 4726 7233 2486 3743 6258 1276 2279 4027 847 4667 8815 7165 8052 871 2787 1905 6054 7049 2643 2240
352 3005 1336 1020 7233 4726 3053 2787 8140 4293 8423 2551 9640 4667 6258 5547 2203 3297 7155 9887 4107 2240 7762 79
353 4941 246 8618 273 4644 366 3053 7233 5069 9132 4667 2486 1336 4293 4880 6269 639 8040 847 3745 9301 7049 7285 8140 1956 6101 9968 3074
354 1181 8140 4644 9132 3743 3005 5547 3153 790 4985 6506 2279 3375 8342 3766 9688 5389 2486 6258 6547
355 4644 578 9132 2279 3743 6859 3523 3153 4293 7233 3053 9398 2486
356 3005 4486 8342 2551 1020 1181 3523 9640 2486 3153 246 2085 2279 6859 3053 4027 6698 8140 9265 4086 7278 133 6153 6258 1668 2962
357 6269 1728 4985 7049 4644 2787 5704 1581 3005 8743 273 1181 3523 1625 4726 4407 4667 1336 6101
358 3005 3743 578 8618 1323 5795 1581 4821 4086 2335 5634 8949 1336 246 6103 3637 8140 6258 6170 9265 9968 1668 935 2240
359 1336 246 8140 7285 1020 6840 4766 9301 7899 4644 915 2486 3005 871 8981 4345 578 9640 7459 798 691 9688 4027 2085 6258 9265 8043 7880
360 3005 1020 1796 8040 246 4644 3926 9132 366 4066 4134 8841 9301 6675 8815 9636 6840 1336 9265 6258 9745 3766 6153 1668 6613 2240
361 3005 2085 246 8140 4941 2486 6269 2787 6258 3888 3745 4293 7115 3743 1728 1423 1581 9265 4644 4985 6101
362 8140 3005 4644 2486 578 273 790 9265 2085 5330 4726 4407 2279 9398 1181 9688 949 1668 6054 2962
363 3005 3743 2279 1181 1020 4644 7611 8140 4667 2486 4086 8203 246 2787 9159 3837 8618 6258 9265 2240
364 3005 790 1336 2787 366 8140 1181 1276 2744 9265 6269 9398 4721 4027 4667 6258 6698 5961 2085 5069 5389 4880 813 9301 1042 1625
365 3005 8140 8618 9301 2787 2486 4644 3745 1181 9688 3417 4086 1956 7459 2741 4667 1020 8927 5678 6258 1336 1323 6547 3053 4766 1625 935 6054 9265 2240
366 8140 3005 4644 790 871 3743 8040 1336 366 1728 6698 3827 4667 5330 6653 7049 4486 3053 6258 6786 4093 949 4027 935
367 8618 790 4644 7115 2787 6698 6413 8140 1336 8416 9576 1581 1694 2279 8052 2486 9040 9265 1042 4985
368 3005 6258 1336 8342 2202 3743 1581 4293 2787 2744 3053 5474 4644 3841 8045 2085
369 3005 3053 3743 1423 4880 1323 3745 2787 4407 246 9301 8040 4293 6859 7155 4726 7213 9293 6258 2962
370 9640 4766 1020 1336 1181 273 7115 2128 366 2279 3523 1694 4486 4941 5704 246 450 6258 1042 2962
371 8140 8040 1323 4667 1020 949 4721 3005 9640 2744 871 5389 7049 7899 9301 246 6840 3766 6269 1956 372 3188 847 4486 6258 9688 2058 6054 1668 2240
372 9688 4721 9132 6859 2279 8140 7977 6269 2741 6698 8203 578 4985 3153 1181 7459 1020 4027 3005 9265 949 450 9301 6153 9968 2962
373 3745 3053 8140 6258 1181 1336 3743 8040 7233 5330 1905 6859 5825 2744 2486 7174 4880 6653 5038 6698 4624 2643 9968
374 3005 8040 3417 3745 3530 9301 2279 9640 4293 3743 246 5825 6698 6840 3837 871 4486 7285 4340 7880
375 3745 9640 1323 4644 3005 1956 1796 8549 1181 8111 1625 6258 3837 8040 949 4086 1336 6859 5961 790 6257 7977 5155 935 6101
376 1323 6840 2744 871 8040 6506 790 3926 4667 3743 7459 1694 4134 3005 141 4766 2939 6258 4027 9265 9968 9007
377 1181 8342 2551 6506 8824 3523 578 3053 5509 7459 9640 9688 4726 1728 4705 6547 4093 4060 7285 6258 9968 2240
378 3005 3523 3743 2741 4086 9040 578 1323 4407 353 5038 3297 4667 4721 8140 4027 6258 1625 6101 7880 9968 6547 4326 8994
379 3005 8040 3417 9301 6269 5509 1336 1020 8140 9293 1181 8618 2369 4941 8824 8203 4821 4721 5547 4027 8043 6258 2962
380 3005 3053 1181 1276 3153 2279 4667 3743 8618 9887 4766 3895 4880 7049 2203 8140 7459 4941 273 4693
381 4644 2744 3297 2787 2486 9265 2741 5135 1905 6258 7977 7233 4407 8342 2896 3153 450 949 4027 8140 9968 6101 935 2962
382 6840 8618 8342 2202 639 6506 2787 3005 2586 4985 790 1181 6258 6698 1020 9688 6103 1336 3153 6269 2264 780 2128 7949 935 2240
383 1020 8618 4644 3297 7459 7977 3743 4985 4340 3005 9301 468 2486 372 7049 1276 1122 4821 239 273 6698 4766 6258 8125 935 2240
384 4644 1181 9688 3926 5389 949 2085 5135 3005 9132 2787 1956 8140 3523 2279 4486 246 1336 7899 9265 2128 1496 9301 935 2240
385 4644 9640 1020 3005 871 9132 2486 8140 8342 8052 4766 4667 915 949 4340 246 3473 2787 7459 6258 9301 6054 935 1668
386 3005 1181 2744 1336 4667 9301 6859 4726 3745 8140 4644 2741 1962 8342 3743 3926 1905 7459 6269 3153 450 9265 6101 4071 1496 2240
387 1336 3053 2787 3005 6258 246 6840 9235 2551 273 4880 7977 472 468 9521 3743 9265 8140 798 450 7709 79
388 3005 8140 6840 246 4644 7459 4407 847 4726 1020 1956 7233 790 3837 3926 7837 9265 5234 7049 871 2202 9688 7880 6054 6101 9968 2962
389 2279 6840 4644 7049 9301 4667 8140 2551 9132 5069 4407 790 2524 3743 3053 5961 691 6258 9265 8618 4985 6547
390 8140 871 4726 3743 3005 1336 6269 1581 4027 8040 2202 2939 2744 4345 5069 6698 1181 4705 4985 4060 7213 9688 7880 246 6258 6840 9265 450 8618 935 2962
391 3743 4721 4985 6269 1020 8618 1252 2787 1581 3005 2279 3053 273 4293 8342 9887 6258 8743 745
392 871 3153 2279 3417 8040 273 4667 8140 6258 1020 6840 9576 2787 278 4644 6698 8618 1956 6170 935 9968
393 3005 5330 2085 7155 482 5107 2787 915 3053 2279 6859 5097 1336 1042 9745 7736 9968
394 3005 1336 578 4407 4644 9265 5330 6269 8743 246 3153 4345 4293 9688 790 1042 6257 8815 4027 4985 6258 9301 9968 935
395 6269 4644 871 9265 4726 9132 3053 6258 7285 949 6859 3375 578 4721 7321 3523 1252 935 745 2240
396 8040 2551 5547 9640 1323 7837 1905 1181 5795 2744 1728 790 3005 141 4644 1336 2486 9132 7899 935 2962
397 1905 6698 871 3745 1336 4644 790 6258 1728 7049 1181 3888 4407 9440 9640 6468 4766 450 5704 4107 8841 4340 9968 935 2962
398 4644 2486 4407 578 6258 8618 4726 6506 790 7155 4667 3837 7233 949 6840 8342 4340 6054 9265
399 578 4667 4644 9688 273 3005 8140 8949 4407 3743 468 6991 3745 1336 2486 366 1323 9265 6258 1252 745 1042 6547 6054 7880 2240
400 1020 3005 8618 3153 8140 3743 8342 1323 273 1181 7459 7049 5525 2085 578 2744 6859 8743 2787 3053 3926 6258 5389 9265 450 7285 2240
401 8342 2741 4726 6506 790 9688 3523 2551 3417 3005 6457 9640 2486 1728 6258 4985 6101 9968 7949 2962
402 3005 9265 915 246 2744 578 4726 3417 2085 273 4766 790 7233 871 2551 8507 450 6258 9301 1668 2240 3894
403 4644 2486 790 4407 1181 9640 246 2744 3417 4086 1220 6859 4821 3827 813 631 1020 5234 9265 7285 4340 2240 79
404 3153 4667 9640 6269 3005 468 2730 1020 6258 4644 1181 2741 6267 1962 1336 4721 4407 7285 790 7459 9301 6101
405 4644 8140 3005 2486 9132 4486 276 4985 2741 4667 790 8040 6991 9440 1336 9301 8423 4407 2787 1020 3053 5038 2183 4928 7285 6101 6258 1625 1668 79
406 3375 1336 790 8140 3005 1905 3745 871 9132 8618 3297 4407 141 1181 1581 5069 7459 1233 3743 4941 9301 6269 1728 6258 2790 7880 9968 2240 1668 2962 79
407 2486 3005 8140 246 2202 578 1336 4644 1020 8040 5795 4060 5155 639 2787 1905 1019 4407 133 6258 450 4985 2962
408 2486 4667 4644 8140 6258 3743 6269 1020 4407 8949 578 3005 366 9636 468 5509 9293 9688 4941 4071 6170 949 6054
409 3005 3417 273 3743 790 1276 6840 3895 6269 8140 2486 5097 3053 7233 2741 8040 5330 9293 4880 3153 468 8618 9301 4985 6258 4027 1625 7285 79
410 1336 3005 2741 6269 1323 4726 3743 790 2551 8949 8743 9640 871 1581 8140 1020 482 7899 4060 4027 949 6503 2150 2183 7880 4340
411 3745 8140 3297 3005 366 7459 3895 5097 8618 482 4880 5234 6840 450 7028 4667 7233 6991 9301 4086 6258 9265 1625 7880 7762 3982
412 3005 3895 2787 9688 5330 7233 4667 1020 4941 246 3926 9265 5069 1181 1905 6269 6258 3375 7977 6457 6588 2128 6101 4985 9968 2240 2962
413 4644 8140 6269 4086 3005 1336 8815 3926 1181 1581 6675 5097 5069 1020 4721 4293 3053 4667 4684 9688 8618 6258 9301 2790 4340 1625 9968 2240
414 1020 4644 8140 4086 9688 4134 2279 5330 790 3926 8203 2744 1181 6739 5389 9132 2486 5474 8824 6258 1956 7880
415 1020 3743 9640 7049 4134 4941 8040 790 1181 3053 273 2787 915 4027 182 7155 4071 6506 6698 8342 2085 9293 6258 4985 6101 2962
416 7155 3005 4407 4644 3523 8949 3417 3743 790 1496 6840 4667 3494 8423 847 4985 1625 7709 9968
417 3743 3926 2085 2744 9688 8052 5135 3005 1181 4345 3053 6859 8342 3745 6269 3153 2486 3888 8140 1796 450 8069 3111 4985 2240 935 2962
418 8618 2279 1905 3153 6859 3297 3417 8040 3053 6258 8140 3005 366 6675 4667 9640 2744 2741 8342 9301 1020 9968 935 6547
419 246 790 2279 1020 871 1336 366 4821 7233 4644 4726 6859 2335 6258 4077 5509 9968 7949 935
420 4766 246 3005 9265 4667 2486 4985 8140 6698 2085 1905 6258 7028 4644 8260 4721 9301 1336 790 4941 7880 9637 450 7762 79
421 3005 8140 4644 2486 8815 9640 6269 1181 5234 9398 7049 790 4407 3895 8949 5330 4667 2551 1336 6258 7233 9968 2240 2
422 6840 8040 3053 8618 8140 4644 9688 4667 790 8342 1181 1336 578 5330 4880 5547 7233 7285 2741 639 6698 2264 4340 6258 9265 6101 732 4985 9968 4314
423 2279 3005 9301 6258 4027 9265 1276 4928 6153 3417 1694 8342 5069 6840 4721 9332 7459 1581 6269 9132 5038 5704 780 1042 7713 935 2240
424 6258 9688 3005 6840 1336 4644 6859 790 5234 1276 1323 1020 2744 8140 4726 468 8342 2279 9398 7459 9265 9301 745 2240
425 871 3743 8342 7459 273 9265 4941 2744 8140 1581 4407 9887 8618 5069 1181 9301 652 6840 1336 2279 4066 7321 6258 523 450 7713 2240 2962
426 3005 9640 8140 5330 3926 3375 8040 1323 4060 1336 6991 5525 4407 1181 3743 10 4726 1956 9887 7977 9265 6258 2962
427 2787 3005 9132 366 1336 4644 9398 9301 6840 7233 9887 3523 2279 4766 1956 545 7880 6101 6258
428 3005 9688 8140 5330 4667 2486 3153 246 3895 4060 7459 6840 141 2787 8743 3926 1694 4071 8040 2085 6859 7213 9265 1336 4027 847 6258 2962
429 9398 6840 8618 2551 6258 8140 1323 7459 4726 8342 8040 1336 798 9159 4985 3005 379 6547 9265 2744 3637 1905 871 2128 847 5307 9301 7285 7709
430 3005 6258 871 790 4667 8052 6840 8618 1323 6859 8040 1728 7213 3766 7977 7459 1020 5234 5547 4766 8140 1181 9132 4134 4345 450 1668 935
431 2744 3005 2787 578 1181 1336 4060 273 4667 2203 1581 9636 6258 1728 5069 6786 3827 1694 6739 8140 7285
432 790 8342 8140 8052 3417 2486 2279 2787 8175 366 1728 3005 2551 246 6859 6101 2962
433 3005 2741 6269 2202 8618 4086 2730 1336 6258 4644 2787 2486 4667 3523 4721 4407 935 79
434 3005 2486 2279 6859 6269 3743 3745 8140 7155 1276 8342 9640 4486 4880 450 4667 9132 1181 5069 1019 6258 9265 2962
435 1336 2787 3053 9688 4178 3743 5389 366 790 3523 8175 4667 6859 3417 8140 4928 2128 9265 7713 1042 7762 2240
436 3053 8140 2486 8618 2787 9887 578 4027 246 3837 1020 3005 7049 1181 5038 3766 1336 3926 7233 8342 3375 2183 5069 8423 6840 9398 6258 7880 450 4728 6547 9199 935
437 4644 1336 3745 4086 8040 578 6840 6258 1905 5330 5509 9688 5687 6101 2279 5474 545 1956 9968 7880 9301 1625 935 6613
438 1336 9132 1020 3005 6269 8824 3473 2744 2730 4644 5795 3297 3417 8618 4985 2741 4407 7459 9301 6547
439 871 4667 8140 9265 2787 9887 482 3005 3417 6258 7155 4293 7049 2279 5547 3766 4134 2085 450 1042 7709 9968 2962 2240
440 7459 2741 3005 790 2486 366 6506 1336 8040 1796 9265 4644 7233 6859 4766 4060 133 9132 3417 847 9244 321
441 3005 8140 1323 246 2085 7155 1220 9265 6840 3745 4293 2787 273 3523 9398 4407 6269 7049 4086 6258 412 2962
442 3005 2787 5389 5069 2551 7213 9132 578 790 4667 5547 6506 798 1020 915 7459 5038 8618 6170 6258 745 2240
443 4293 871 4644 8140 3417 366 3523 5525 3005 1020 9265 2085 1905 790 9640 1336 1042 6258 9968 935 2962
444 4644 3005 1728 670 2787 1905 8140 4407 3153 4134 1122 2486 4985 790 8040 246 4086 2741 1020 3530 1323 5547 450 6054 1496 2240
445 8618 4644 4667 2486 790 9640 1276 3153 2787 1181 1020 2128 4766 4134 4721 2135 8052 9265 4340
446 3005 1323 790 1336 8618 7115 3745 1181 578 2787 2744 4667 1020 8140 1728 2486 379 6258 8743 3637 2741 4985 1625 4134 6101 1042 9968 4326
447 3005 246 2486 1020 3745 6103 6859 5234 4726 9265 6269 4644 6506 8815 8618 4667 6258 5097 2787 8140 7459 79
448 3005 4644 246 871 9132 8140 6258 3417 2486 779 9159 2741 1020 1276 4726 6698 578 6920 9688 2183 9265 3894
449 3005 2744 6258 3745 8040 1323 8618 9640 9265 5795 5474 2787 1107 4726 2586 1905 3053 4880 639 847 935 2240
450 4644 1181 246 949 366 8140 2279 3005 2939 790 9301 7233 5872 273 3745 9640 1336 4667 9265 4985 468 6258 6101 7880 1668 2962
451 6859 8342 2787 3053 1181 7977 8140 6786 4644 1020 9636 8549 871 4880 2744 8815 2486 1042 7213 1625 935 2240
452 3005 578 1020 6269 4726 2741 4644 4941 246 4066 3888 3297 8342 2787 4985 8140 7234 8618 1956 450 6547 7762
453 1336 3005 246 2486 578 2279 6258 790 9265 5525 3153 8040 5330 4726 9745 8342 450 4066 2085 1042 6101 9968 1668 7762
454 1181 3005 8342 3153 2279 6859 3375 9640 3745 8507 9440 3053 3766 2741 9132 8841 331 468 4071 4941 8423 8140 6258 9265 4985
455 2741 3053 6859 1020 8342 2551 4726 847 4667 3005 1905 7213 5547 9293 1336 1625 4985 4644 4880 2486 2335 7787 6258 8125
456 5389 8140 4644 9301 4407 2486 3745 9159 9688 2741 9398 3523 1181 4486 3743 4985 5795 9887 3417 1956 9137 6258 9968 6547
457 4086 1336 3005 9688 8040 8140 4407 3745 8052 790 2486 10 2279 1423 7155 4293 5069
458 5069 1181 1336 3005 3523 790 7977 2486 4667 9688 949 450 8342 7233 3053 6258 4941 5509 3153 8824 9265 5872 6269 7787 847 7048 4027 1625 2240
459 3005 4644 4293 1276 3743 1323 871 5474 7899 3417 4345 3053 4486 8618 7155 2335 7285 1181 6281 8423 545 935
460 1962 2551 4027 1276 8140 4667 182 9301 8618 6840 4880 3895 2264 1694 5097 5330 2744 7459 847 2787 3375 7899 9688 6258 935 2240 2962
461 3743 4726 4667 2279 1581 366 1336 3005 871 4293 8618 7977 8743 4027 4766 1625 9968 935 2240 2
462 6258 4644 1181 7155 2741 3743 3053 3745 6786 3523 8743 2486 2787 3417 4086 1905 8618 8140 1625 9968 935 2962
463 6258 3005 1181 2486 9640 8618 9398 1020 3895 1728 4667 6506 7049 949 2741 523 7611 6653 3417 9982 8815 7278 1336 8841 6101
464 8618 2202 4644 4407 3005 4667 2787 3153 5069 6859 4293 8203 8507 2203 9014 2741 9688 5097 9265 7285 6258 6134 9968
465 3005 8618 8140 3745 3743 2486 2741 3926 2787 3153 790 1336 871 2730 2279 9688 6258 2744 5234 366 5038 9301 1020 6269 9968 6101 2
466 3005 2787 8342 4985 9640 4486 4644 4726 8140 798 4293 246 847 1905 3637 3456 7049 8618 3745 3053 2183 1956 8125 2240
467 3005 246 273 790 7233 4407 4721 2741 4644 8342 9640 3523 1336 6258 1905 6269 8881 9301 8423 2240
468 3005 4644 3153 8140 6257 578 8618 8040 3743 1905 2787 3637 4086 5330 790 9040 6258 4985 9265 3053 9244
469 3005 3743 4766 6859 4644 3153 3053 8549 5872 246 2085 9132 2486 4345 7977 1336 8052 3926 4407 7321 6258 8043 935 2240
470 1181 790 1423 4721 7233 9507 8040 1728 1323 949 2741 3005 2279 3523 468 4134 8618 4928 450 8140 9968 2240
471 3005 8342 3745 246 8140 4880 6859 4077 2787 2085 2279 6899 6258 3375 1019 482 6991 691 450 8052 9265 9301 6101 7285 79
472 3005 4086 246 3417 2741 3523 8040 790 7837 8140 2085 4985 482 871 1323 8423 9745 3375 6258 7880 935 3894
473 3417 2279 578 6258 3745 3895 8140 2741 4293 9887 9440 8052 6506 9265 9301 246 4071 6134 1668 7762 79
474 1181 1336 4667 4407 3837 4644 3745 4086 3743 3005 3523 2085 8140 246 4027 9265 3053 3926 9293 6258 7213 4880 8040 4093 6547
475 915 871 1020 9688 9132 1336 9398 3005 7155 3053 6698 8203 3841 9666 2085 3745 2486 7977 7285 1728 6859 1581 639 7880 5389 8566 9301 8140 8125 2240
476 4644 1020 8140 8342 6269 3053 7285 871 7459 4941 3743 8949 6840 7049 1323 790 2744 4293 2279 2240
477 4644 2486 8949 6258 6859 8342 578 3053 366 6840 4821 4667 3005 239 5509 7459 3837 2183 4340 7880 6153 745 7949 2240
478 3005 9688 4644 8618 2279 1336 4667 3745 6258 5069 5330 5135 6269 3743 3153 8140 246 9301 949 5389 9265 6170 1625 9968 1668 3074
479 1181 4644 6840 1020 1905 7880 4766 6103 1122 4060 7049 1581 790 2741 4721 8881 4407 8140 9265 6258 9659 4107 935 2240
480 8140 790 4644 3745 9301 1020 2279 8052 2486 366 2744 4134 2202 1181 7459 6506 7049 6101 847 8125 8994
481 3005 2787 246 9636 6859 9265 3745 4726 9398 366 1728 4066 7459 1019 8342 1694 6991 6258 2240
482 4644 1181 3743 9132 8140 6859 8342 7285 8052 2486 4726 3297 2896 3926 482 6698 4086 9265 4345 6258 6101 9968 79
483 8140 9887 3053 8040 6859 8743 8342 8841 6675 8793 3153 2741 1323 246 8618 9398 6653 8203 2183 5097 4726 3297 8423 4060 2486 7285 4340 1625 3111 4728
484 8618 9301 1323 6258 8140 4766 3005 1276 639 7977 1019 3743 4293 3926 4644 6269 4726 2551 9265 6547 2962
485 3005 790 4407 4667 4644 8140 1323 246 6269 4486 7213 1181 5234 8949 9301 505 9265 9132 6258 5961 3053 2279 6547 2790 7880 1496 450 745 1668
486 3005 3745 6698 871 9265 9301 6859 2279 4644 3743 790 8824 813 8949 8052 9636 7285 450 8618 7880 935 8994 2962
487 3053 3743 6859 8949 6506 1252 6675 1181 4726 4667 5069 4486 8566 8423 8203 790 9083 2486 9265 6269 2263 1496 4060 7049 9301 2240
488 9132 790 6258 450 1336 3005 3743 8260 8040 3053 7285 8140 7233 9440 4644 5525 7880 1276 5069 1042 366 8881 7049 2486 2183 5546 847 5715
489 4644 3743 3153 6468 4086 6258 4027 9688 2741 1181 8618 1122 1581 2744 915 731 3523 1956 6101 7285 4340 4985 6613 79
490 3005 2741 2486 3523 141 3297 4721 6258 1276 1181 1962 4345 6170 5069 6269 7155 2744 915 2263 450 4362 2240 1668 3074
491 1020 366 2486 4345 790 5069 8618 4293 847 780 4726 4766 4071 5330 6865 779 7285 6269 813 6258 8043 7742 450 1042 1956 935 6101 9968
492 4293 4644 2787 8140 5330 3837 3417 4060 4880 3523 4027 7233 5509 3005 744 8618 4345 450 8125 9968 2962
493 8040 9265 3005 2486 790 1336 3743 6269 2085 2741 2744 1423 3745 8140 6153 2279 8203 4667 8423 1581 5038 246 4071 4060 7948 1956 847 6170 9968 935
494 3005 8140 3743 578 8618 871 1905 6859 1276 1336 3053 2551 4766 7837 5525 790 4027 4941 6258 6226 9265 7880 1668
495 4644 246 3005 8140 8743 4726 871 3745 4345 4407 5389 949 4027 9636 1042 6258 7459 3743 3417 5525 8618 2183 7880 3111
496 1181 7321 1336 6675 8140 1323 3053 3417 4134 8342 9887 482 1020 790 468 5617 8981 3153 9040 4941 9132 6859 4985 1625 9265 6258 7285 8387 935 7949
497 3005 246 8140 6258 5069 4644 949 6840 8618 3837 2741 4941 2486 3745 3297 2787 3743 4766 1336 1423 9646 1962 3827 9301 6153 5038 9265 9968 6101
498 4644 1181 4721 3005 2744 4407 6258 2486 4293 1336 366 8618 1905 3375 9688 6170 7880 5474 7049 9265 3936 2
499 3005 9640 8140 8618 2085 5547 915 6258 2551 3053 578 2787 6269 1181 1423 847 9887 5872 9301 5389 4880 7278 9398 7874 7285 4027 935 9968 2240 1668
