100
0 0 1 2 3 4 5 7 6 8 9 10 17 11 12 15 16 19 20 18 14 22 13 25 21 30 24 38 27 32 34 23 35 281 31 52 138 709
1 0 1 2 3 4 6 5 8 7 9 12 10 11 15 17 14 13 25 22 18 16 26 21 24 23 19 20 34 41 54 46 55 61 30 70 74 62 138 176 709 6049 1290
2 0 1 2 3 4 5 7 6 8 9 11 10 14 13 17 12 16 19 15 18 21 24 27 20 28 22 23 35 33 25 34 26 32 37 44 36 69 126 797 3975
3 0 1 2 3 6 4 5 7 8 14 9 12 15 13 21 10 16 20 11 17 24 31 27 18 22 25 19 41 30 40 73 50 36 38 29 28 69 3097 1671 8556 8458
4 0 1 2 3 5 4 7 6 10 9 14 15 12 13 8 26 17 29 25 16 19 11 24 38 18 36 21 28 20 30 31 50 57 129 27 37 147 1502 7055
5 0 1 2 3 4 5 6 7 8 9 10 12 11 15 14 16 17 13 18 20 21 25 29 24 28 23 19 22 31 36 37 34 26 27 97 41 65 138 7624
6 0 1 2 3 4 5 6 7 8 9 13 10 12 14 17 16 19 11 20 15 18 21 24 27 22 23 29 40 30 31 25 26 38 35 41 37 44 69 120
7 0 1 2 3 4 5 6 7 8 9 12 11 15 10 21 14 13 17 19 16 20 24 23 18 35 47 25 28 46 27 37 22 49 32 26 30 126 138 1310 1290
8 0 1 2 3 4 6 5 9 8 7 10 11 17 12 16 19 13 24 15 18 29 37 21 23 14 22 40 36 41 42 26 65 27 25 71 20 155 1495
9 0 1 2 3 4 5 6 9 8 7 11 10 20 14 15 19 23 13 12 18 33 25 21 24 17 16 28 35 31 29 52 56 32 26 27 65 138
10 0 1 2 3 4 5 6 8 7 13 17 12 11 9 15 10 16 14 20 22 18 19 23 28 25 38 27 32 24 26 34 30 37 31 21 29 65 138 69 126 3244 2848 5926
11 0 1 2 4 3 5 6 7 8 11 10 13 9 12 15 19 17 14 18 16 21 26 20 34 23 27 55 28 24 25 22 37 41 54 38 48 35 65 114 121 138 126
12 0 1 2 3 4 5 6 7 9 8 14 10 12 13 16 11 19 18 26 17 22 35 21 32 24 40 23 20 15 29 33 27 50 62 44 37 28 121 621 554 3756
13 0 1 2 3 5 4 6 7 8 12 11 9 17 18 15 20 19 10 14 21 33 13 37 49 35 53 50 44 55 23 26 34 58 16 57 107 27 139 138 252 176
14 0 1 2 3 4 6 5 8 7 9 10 11 17 15 14 19 12 21 13 20 24 18 25 30 45 38 35 34 32 46 74 51 48 28 56 58 176 138 8556
15 0 1 2 3 4 5 6 7 8 9 11 10 12 15 21 16 19 17 13 20 18 22 26 14 27 25 29 23 42 24 36 38 37 47 45 54 155 1290
16 0 1 2 3 4 6 5 7 9 8 14 12 10 15 11 21 13 19 24 20 17 16 51 36 35 31 40 63 170 38 27 30 25 22 29 44 28 121 184 176
17 0 1 2 3 4 6 5 8 7 17 10 9 11 12 14 16 13 18 15 20 36 34 28 24 21 19 46 25 60 22 29 62 23 85 30 797 8556
18 0 1 2 3 5 6 4 7 9 8 26 14 10 13 16 33 12 17 18 11 42 19 32 23 50 34 35 21 25 22 56 20 62 15 355 5381 708
19 0 1 2 3 4 5 7 6 9 8 10 15 11 14 12 17 22 13 16 28 21 18 23 19 20 37 32 27 30 47 35 31 44 33 34 82 88 57 131 583 2264 5926
20 0 1 2 3 4 6 5 7 8 11 9 14 12 15 10 13 20 17 16 19 24 27 35 23 26 33 21 22 18 36 49 50 75 37 30 28 120
21 0 1 2 3 4 5 6 7 8 9 11 15 12 19 10 13 21 14 16 20 18 17 23 25 33 47 27 34 39 24 26 37 35 30 69 138 120
22 0 1 2 3 4 5 6 7 9 8 11 10 12 15 16 13 14 17 18 28 23 20 22 27 19 24 21 26 25 33 37 29 32 47 36 63 126 1310 1290
23 0 1 2 3 4 5 6 7 8 11 17 9 10 12 15 14 18 16 13 19 35 20 34 21 26 23 22 55 57 42 24 46 25 27 28 41 37 58
24 0 1 2 3 4 5 7 6 9 10 8 12 13 11 14 19 15 16 17 18 22 27 23 21 20 28 35 31 24 32 37 26 34 40 42 36 69 120 2264 3756
25 0 1 2 3 4 5 6 8 7 9 10 12 14 17 22 20 21 15 18 19 11 13 16 23 50 26 33 40 36 35 82 24 38 48 37 27 69 138 199 176 2264 9193
26 0 1 2 3 4 5 6 7 8 12 15 9 11 10 14 13 25 26 24 17 16 21 19 23 18 20 22 30 27 36 46 39 33 38 28 138
27 0 1 2 3 4 5 6 8 7 9 10 11 17 12 15 16 13 18 24 19 29 14 20 23 28 22 34 21 37 27 40 36 25 41 31 38 63 1954 2591
28 0 1 2 3 4 5 6 7 9 10 8 14 12 19 15 16 11 13 23 20 17 22 21 29 31 44 18 37 24 28 35 27 30 25 51 60 34 621 5921 1263
29 0 1 2 3 4 5 6 7 8 9 11 15 10 17 12 19 20 18 14 21 16 13 26 35 22 24 57 30 45 38 36 23 41 27 56 25 48 74 28 62 69 138 2153
30 0 1 2 3 4 5 7 6 12 9 10 8 14 19 13 15 16 11 20 17 31 22 21 27 36 29 24 44 26 28 56 35 18 23 40 30 37 63 38 1610 126 621 120
31 0 1 2 3 5 4 7 6 8 9 10 14 12 15 13 16 11 20 21 17 19 22 31 18 23 24 37 27 26 29 34 28 25 30 36 83 65 69 554 138 3097 5921 1310
32 0 1 2 3 4 5 7 6 9 10 8 11 14 12 16 18 13 17 15 21 20 22 19 34 23 25 31 24 28 33 35 27 41 26 44 37 62 121 138 554 3975
33 0 1 2 3 4 5 7 8 9 6 13 14 10 11 16 12 18 20 17 15 19 21 34 28 25 24 22 23 29 46 31 73 35 82 30 37 65 69 6656 708
34 0 1 2 3 4 5 6 8 7 10 19 9 14 12 16 24 18 17 15 25 11 30 34 32 27 33 38 13 21 20 29 45 22 35 28 58 121 155 69 63 138 6604
35 0 1 2 3 5 4 7 8 6 12 11 14 9 17 28 13 23 10 20 19 29 16 37 15 52 25 27 97 55 61 22 137 42 49 60 21 63 53 72 107 138 9584 9517
36 0 1 2 3 4 7 5 6 8 9 11 12 15 16 13 21 10 14 27 25 26 24 20 35 49 17 23 18 30 36 22 39 33 19 63
37 0 1 2 3 4 6 5 7 8 10 9 11 12 14 15 16 24 17 19 13 21 30 20 25 26 18 27 41 48 36 28 32 54 38 45 35 22 37 5526 1290 1737
38 0 1 2 3 6 5 4 8 7 14 9 13 15 12 21 10 16 20 24 31 17 27 11 41 22 25 30 40 19 73 18 38 36 50 46 3097 1334 155
39 0 1 2 3 5 4 6 9 8 7 14 10 26 13 12 16 18 17 33 34 11 22 32 23 42 50 21 46 25 20 19 35
40 0 1 2 3 4 5 6 7 9 8 10 13 12 17 15 14 11 19 20 27 21 23 16 38 29 22 26 18 25 45 42 37 68 24 51 28 62 120 2818
41 0 1 2 3 4 5 7 6 11 8 9 10 14 19 20 12 13 16 17 15 28 18 27 21 26 23 37 52 35 33 31 44 25 50 41 62 24 121 126 3975 2848
42 0 1 2 3 4 5 7 6 19 8 9 14 10 20 11 12 17 13 15 18 23 30 16 44 27 21 38 35 32 26 62 39 29 37 22 42 50 63 28
43 0 1 2 3 4 6 5 8 12 10 9 15 11 13 23 7 17 16 14 18 19 25 24 54 22 21 26 55 46 28 70 30 37 20 114 38 111 74 72 138 1434 176 2848 8556
44 0 1 2 5 3 4 6 7 8 10 9 12 13 15 11 16 17 14 18 22 27 28 19 20 21 56 34 37 25 32 26 30 23 24 29 31 65 120 404 138 7624 1290 1310
45 0 1 2 3 4 6 5 7 8 10 9 12 11 15 23 14 13 17 16 19 18 20 21 22 26 29 25 31 24 55 37 30 32 28 33 27 121 69 120 138 554
46 0 1 2 3 5 4 6 7 9 8 15 11 19 12 13 10 17 20 14 18 16 38 22 33 27 21 29 28 25 34 93 36 35 30 44 63 69 164 1263
47 0 1 2 3 5 4 7 6 9 8 10 12 14 15 13 11 17 19 18 26 20 16 21 37 24 29 25 23 28 22 36 57 33 39 38 27 139
48 0 1 2 3 5 6 4 8 7 9 10 15 19 13 17 14 11 16 20 12 24 18 30 34 25 22 21 23 33 48 28 39 35 74 38 184 138 8458
49 0 1 2 3 6 5 4 7 8 9 11 12 13 15 17 14 28 10 29 16 20 19 22 23 27 37 55 25 21 49 32 18 60 42 40 24 63 138
50 0 1 2 3 5 4 6 7 8 10 12 19 15 16 11 13 17 9 24 28 34 18 14 21 27 41 29 25 22 48 26 31 36 20 30 155 1737 3097
51 0 1 2 3 4 5 6 7 11 10 8 9 12 14 13 45 21 18 17 15 35 24 22 28 20 64 16 26 27 117 30 33 41 34 143 78 725 977 9584
52 0 1 2 3 5 4 6 10 7 9 13 8 29 17 12 18 14 23 15 38 11 20 27 21 25 30 32 34 16 22 43 19 24 26 28 120 63 1502
53 0 1 2 3 4 6 5 8 9 10 12 7 11 15 13 17 14 21 24 19 20 23 25 18 16 30 26 38 22 48 55 46 54 70 45 74 28 114 138 176 485
54 0 1 2 3 4 5 7 6 9 8 19 10 20 11 15 16 14 13 12 17 18 26 23 22 21 36 27 30 44 28 38 29 62 35 34 37 32 48 57 69 176 138 968 2153 2848
55 0 1 2 3 4 5 6 7 9 8 10 14 15 12 11 16 13 21 20 19 18 17 23 22 24 26 25 33 29 38 30 37 27 28 35 44 31 121 65 5921 1502
56 0 1 2 3 4 6 5 7 9 8 12 14 10 11 13 19 21 15 24 17 16 35 18 22 40 20 27 25 23 44 32 30 38 45 46 36 37 28 3756 2264 3244 1502 8458
57 0 1 2 3 5 4 7 6 9 8 11 19 10 15 14 20 12 17 16 26 18 13 21 28 27 36 37 24 38 25 33 44 30 31 34 35 65 126 3975
58 0 1 2 3 5 4 6 8 7 10 9 18 11 17 12 20 15 19 32 14 35 38 22 24 30 33 21 25 45 13 16 29 58 43 57 27 138 120 6604 1290 1263 8556
59 0 1 2 4 3 5 6 10 7 11 9 13 19 8 16 12 42 15 27 18 35 39 26 52 14 56 28 125 22 17 31 65 21 55 80 23 38 72 82 139 725 6238 2060
60 0 1 2 3 4 5 6 7 8 9 14 10 11 23 19 13 15 20 28 12 17 16 18 25 29 22 52 27 24 21 37 32 33 53 55 30 65 61 6729 2848 8556
61 0 1 2 4 3 5 6 7 9 8 11 10 19 20 12 16 13 14 17 21 18 27 15 26 24 28 41 37 30 25 23 44 40 52 54 31 42 63 121 69 126
62 0 1 2 3 4 5 8 6 7 9 12 14 11 10 16 15 13 17 22 19 27 21 45 26 24 20 28 31 25 69 23 35 43 68 29 54 138 7624
63 0 1 2 3 5 4 6 8 7 14 15 9 10 12 24 21 13 11 16 20 27 31 19 30 17 22 25 18 38 41 50 34 23 26 42 3097 1334 138 1290 1263
64 0 1 2 4 3 6 8 5 12 11 7 9 10 15 13 17 25 26 14 22 16 23 21 24 46 18 54 27 55 30 33 19 114 70 20 61 41 243 126 1290 1737
65 0 1 2 3 4 5 6 7 10 8 9 15 14 19 11 12 17 16 20 25 21 18 24 26 13 38 36 29 30 28 22 31 32 39 69 1954 3975
66 0 1 2 3 5 4 7 6 8 9 11 12 13 14 16 15 17 18 20 21 19 10 24 49 32 37 58 35 29 23 33 26 40 53 65 138 126 1671 3097 8556
67 0 1 2 3 4 5 7 6 9 8 10 11 16 15 13 12 14 19 17 18 24 26 21 22 20 27 37 29 36 28 31 25 23 38 35 65 33 69 155 138 1495
68 0 1 2 3 4 6 5 7 12 8 9 11 10 15 14 13 17 23 16 26 21 18 29 22 19 24 25 55 20 54 27 41 35 31 57 46 243 138 554 1502
69 0 1 2 3 4 6 7 5 8 9 12 16 13 14 11 18 20 25 10 28 17 15 24 43 26 32 19 30 22 69 29 68 34 63 72 708 1482 1671
70 0 1 2 3 4 5 6 7 8 11 9 14 19 17 10 13 20 15 18 23 12 16 26 28 21 35 27 41 31 56 25 52 24 33 43 69 121 176 3975 6729 2848
71 0 1 2 3 5 4 6 7 8 15 9 13 20 10 12 11 16 17 14 21 22 18 36 26 27 19 40 38 34 24 41 29 31 30 28 73 69 3097 1334 1671 8556
72 0 1 2 4 3 6 5 8 12 10 11 9 7 15 13 17 14 23 21 26 24 25 16 54 55 20 19 18 22 70 46 30 72 41 114 38 84 79 121 138 236
73 0 1 2 3 4 5 9 8 7 6 10 11 17 12 15 13 16 23 14 24 20 18 28 22 36 31 38 32 21 57 35 19 33 39 44 30 27 120
74 0 1 2 3 4 5 6 9 7 14 10 8 12 15 16 13 11 21 19 22 24 29 23 28 17 27 18 54 31 36 170 35 25 20 39 37 199 63 2848 3097 8458
75 0 1 2 3 5 4 7 6 8 14 15 10 12 9 13 16 11 24 20 21 17 26 31 25 19 36 22 18 27 28 50 30 38 57 23 37 29 69 62 120
76 0 1 2 3 4 5 6 7 10 9 8 13 12 16 14 11 22 24 18 34 17 20 19 39 15 23 30 26 27 32 28 47 35 50 21 900
77 0 1 2 4 3 6 7 5 11 12 9 20 14 18 17 15 21 10 33 26 31 76 16 8 19 13 60 25 22 58 28 59 62 447 27 1888 554 9193
78 0 1 2 3 4 5 6 7 8 9 12 10 17 11 13 14 18 19 24 21 16 15 29 20 23 35 32 34 33 25 40 46 37 138 5276 3756 2818
79 0 1 2 3 4 5 6 7 8 11 13 10 9 15 14 12 19 23 21 17 25 28 16 18 20 35 27 24 51 30 50 26 34 37 87 44 57 72 63 2848 1671
80 0 1 2 3 4 5 7 8 6 10 11 9 12 14 13 17 20 28 31 19 15 18 16 21 23 34 27 26 37 24 25 22 50 30 41 52 65 69 121 1572
81 0 1 2 3 4 6 7 5 9 8 10 11 12 14 13 15 16 21 22 19 17 23 20 18 27 25 31 37 26 29 45 33 32 24 28 38 121
82 0 1 2 3 4 6 5 7 9 8 12 14 13 16 10 11 15 21 20 17 22 24 19 26 27 36 25 29 32 30 28 41 23 54 40 18 63 121 126 138 1671
83 0 1 2 3 4 5 7 6 11 9 8 15 12 10 19 14 13 21 18 17 20 25 26 16 28 24 27 39 31 33 38 36 41 29 120 3975 2591
84 0 1 2 3 4 5 6 7 8 10 12 9 14 15 16 11 13 24 19 18 20 21 22 17 31 28 32 27 26 34 23 29 25 36 30 69 155 126 1737 2264 3097
85 0 1 2 3 4 6 5 9 8 7 20 19 14 10 13 23 15 25 33 18 11 17 31 28 24 29 30 52 35 56 16 26 42 22 21 114 69 27 6729
86 0 1 2 3 4 5 7 6 9 8 10 13 15 14 11 12 16 17 21 19 18 23 20 25 26 27 24 22 38 28 29 30 34 35 45 100 37 120 1502
87 0 1 2 3 4 5 6 7 8 9 15 12 11 10 13 14 16 21 25 20 18 17 27 24 22 31 19 38 41 23 30 26 36 49 42 62 138 549 176 3097 554
88 0 1 2 3 4 5 7 6 8 9 12 15 11 21 17 10 25 19 14 13 16 27 23 24 22 47 38 42 54 26 35 45 51 18 20 30 28 155 3244 1263
89 0 1 2 3 4 5 7 6 11 10 8 9 13 15 16 23 14 19 17 12 35 18 27 21 34 28 24 26 71 36 22 53 39 72 48 199 485 1495 2060 8556 8458
90 0 1 2 3 5 4 6 7 8 9 12 11 17 14 10 15 19 13 23 21 20 16 28 25 27 24 22 35 18 33 37 30 34 29 42 26 184 138 155 2153 3244
91 0 1 2 3 5 6 4 7 8 15 17 13 9 11 12 33 34 22 35 14 20 48 38 41 55 28 27 18 30 60 16 19 29 10 25 70 120 184 2591
92 0 1 2 3 4 6 7 5 8 9 15 12 11 17 10 14 16 13 22 18 27 20 21 24 25 19 26 45 57 38 31 41 42 23 34 35 69 28 176 3097 1737
93 0 1 2 3 4 5 7 6 8 11 9 12 15 17 10 21 18 13 20 19 14 23 16 24 27 49 25 35 33 26 39 37 30 50 107 139 138
94 0 1 2 3 4 10 6 5 7 9 23 14 8 15 16 12 11 22 21 13 37 19 83 31 33 29 44 34 18 43 121 28 161 60 26 30 27 554
95 0 1 2 3 4 5 7 6 10 8 9 15 14 16 12 11 19 13 26 28 17 25 24 20 18 21 38 36 37 54 29 50 65 31 22 27 57 30 155 2848
96 0 1 2 3 4 5 6 7 8 10 9 11 17 13 15 12 20 16 14 19 18 21 29 22 26 38 23 28 34 30 131 37 24 33 36 25
97 0 1 2 4 3 6 5 7 9 8 10 12 13 11 17 15 14 16 21 20 24 22 19 18 27 45 26 34 23 25 28 38 54 100 29 69 84 120 138 5381 1737
98 0 1 2 3 6 5 4 9 11 7 8 12 15 10 13 17 14 20 18 16 26 19 40 27 29 41 55 25 24 32 44 38 28 52 21 22 62 139 120 3097 1671 8556
99 0 1 2 3 5 4 7 6 9 15 8 10 12 14 11 19 16 25 18 13 20 24 17 21 26 29 38 39 27 23 28 36 22 30 33 69 63 3975
